#
# There is insufficient memory for the Java Runtime Environment to continue.
# Native memory allocation (mmap) failed to map 65536 bytes. Error detail: Failed to commit metaspace.
# Possible reasons:
#   The system is out of physical RAM or swap space
#   This process is running with CompressedOops enabled, and the Java Heap may be blocking the growth of the native heap
# Possible solutions:
#   Reduce memory load on the system
#   Increase physical memory or swap space
#   Check if swap backing store is full
#   Decrease Java heap size (-Xmx/-Xms)
#   Decrease number of Java threads
#   Decrease Java thread stack sizes (-Xss)
#   Set larger code cache with -XX:ReservedCodeCacheSize=
#   JVM is running with Zero Based Compressed Oops mode in which the Java heap is
#     placed in the first 32GB address space. The Java Heap base address is the
#     maximum limit for the native heap growth. Please use -XX:HeapBaseMinAddress
#     to set the Java Heap base and to place the Java Heap above 32GB virtual address.
# This output file may be truncated or incomplete.
#
#  Out of Memory Error (virtualSpaceNode.cpp:113), pid=33864, tid=33400
#
# JRE version: OpenJDK Runtime Environment Temurin-21.0.10+7 (21.0.10+7) (build 21.0.10+7-LTS)
# Java VM: OpenJDK 64-Bit Server VM Temurin-21.0.10+7 (21.0.10+7-LTS, mixed mode, sharing, tiered, compressed oops, compressed class ptrs, g1 gc, windows-amd64)
# No core dump will be written. Minidumps are not enabled by default on client versions of Windows
#

---------------  S U M M A R Y ------------

Command Line: C:\Users\hejunye\AppData\Local\Temp\surefire5060898303117495612\surefirebooter-20260626191526925_48.jar C:\Users\hejunye\AppData\Local\Temp\surefire5060898303117495612 2026-06-26T19-13-32_382-jvmRun1 surefire-20260626191526925_46tmp surefire_6-20260626191526925_47tmp

Host: AMD Ryzen 7 5800H with Radeon Graphics         , 16 cores, 15G,  Windows 11 , 64 bit Build 26100 (10.0.26100.8521)
Time: Fri Jun 26 19:15:29 2026 elapsed time: 2.349425 seconds (0d 0h 0m 2s)

---------------  T H R E A D  ---------------

Current thread (0x000002104d907570):  JavaThread "main"             [_thread_in_vm, id=33400, stack(0x000000fff1c00000,0x000000fff1d00000) (1024K)]

Stack: [0x000000fff1c00000,0x000000fff1d00000]
Native frames: (J=compiled Java code, j=interpreted, Vv=VM code, C=native code)
V  [jvm.dll+0x6d7a39]
V  [jvm.dll+0x8b4b26]
V  [jvm.dll+0x8b70de]
V  [jvm.dll+0x8b77c3]
V  [jvm.dll+0x284346]
V  [jvm.dll+0x8b086e]
V  [jvm.dll+0x679444]
V  [jvm.dll+0x1e82bb]
V  [jvm.dll+0x1e807e]
V  [jvm.dll+0x67bd42]
V  [jvm.dll+0x67bb72]
V  [jvm.dll+0x679e1e]
V  [jvm.dll+0x3c74d3]
V  [jvm.dll+0x2116fb]
V  [jvm.dll+0x5b6479]
V  [jvm.dll+0x82ead6]
V  [jvm.dll+0x478db8]
V  [jvm.dll+0x47ebe8]
C  [java.dll+0x17ec]

Java frames: (J=compiled Java code, j=interpreted, Vv=VM code)
J 684  java.lang.ClassLoader.defineClass1(Ljava/lang/ClassLoader;Ljava/lang/String;[BIILjava/security/ProtectionDomain;Ljava/lang/String;)Ljava/lang/Class; java.base@21.0.10 (0 bytes) @ 0x000002105ff32e91 [0x000002105ff32dc0+0x00000000000000d1]
J 1301 c1 java.lang.ClassLoader.defineClass(Ljava/lang/String;[BIILjava/security/ProtectionDomain;)Ljava/lang/Class; java.base@21.0.10 (43 bytes) @ 0x00000210585bdbfc [0x00000210585bd8a0+0x000000000000035c]
J 917 c1 java.security.SecureClassLoader.defineClass(Ljava/lang/String;[BIILjava/security/CodeSource;)Ljava/lang/Class; java.base@21.0.10 (16 bytes) @ 0x00000210584f7f1c [0x00000210584f7e40+0x00000000000000dc]
J 1102 c1 jdk.internal.loader.BuiltinClassLoader.defineClass(Ljava/lang/String;Ljdk/internal/loader/Resource;)Ljava/lang/Class; java.base@21.0.10 (121 bytes) @ 0x0000021058549fac [0x0000021058549040+0x0000000000000f6c]
J 855 c1 jdk.internal.loader.BuiltinClassLoader.findClassOnClassPathOrNull(Ljava/lang/String;)Ljava/lang/Class; java.base@21.0.10 (64 bytes) @ 0x00000210584dad7c [0x00000210584da0a0+0x0000000000000cdc]
J 525 c1 jdk.internal.loader.BuiltinClassLoader.loadClassOrNull(Ljava/lang/String;Z)Ljava/lang/Class; java.base@21.0.10 (143 bytes) @ 0x0000021058431b8c [0x0000021058431160+0x0000000000000a2c]
J 714 c1 jdk.internal.loader.ClassLoaders$AppClassLoader.loadClass(Ljava/lang/String;Z)Ljava/lang/Class; java.base@21.0.10 (40 bytes) @ 0x00000210584a01c4 [0x000002105849ffe0+0x00000000000001e4]
J 713 c1 java.lang.ClassLoader.loadClass(Ljava/lang/String;)Ljava/lang/Class; java.base@21.0.10 (7 bytes) @ 0x000002105849f754 [0x000002105849f640+0x0000000000000114]
v  ~StubRoutines::call_stub 0x000002105f7b100d
j  org.springframework.test.context.BootstrapUtils.createCacheAwareContextLoaderDelegate()Lorg/springframework/test/context/CacheAwareContextLoaderDelegate;+30
j  org.springframework.test.context.BootstrapUtils.createBootstrapContext(Ljava/lang/Class;)Lorg/springframework/test/context/BootstrapContext;+0
j  org.springframework.test.context.BootstrapUtils.resolveTestContextBootstrapper(Ljava/lang/Class;)Lorg/springframework/test/context/TestContextBootstrapper;+1
j  org.springframework.test.context.TestContextManager.<init>(Ljava/lang/Class;)V+2
j  org.springframework.test.context.junit.jupiter.SpringExtension$$Lambda+0x0000021001110f38.apply(Ljava/lang/Object;)Ljava/lang/Object;+8
j  org.junit.platform.engine.support.store.NamespacedHierarchicalStore.lambda$getOrComputeIfAbsent$5(Ljava/util/function/Function;Ljava/lang/Object;)Ljava/lang/Object;+6
j  org.junit.platform.engine.support.store.NamespacedHierarchicalStore$$Lambda+0x000002100110fca0.get()Ljava/lang/Object;+12
j  org.junit.platform.engine.support.store.NamespacedHierarchicalStore$MemoizingSupplier.computeValue()V+15
j  org.junit.platform.engine.support.store.NamespacedHierarchicalStore$MemoizingSupplier.get()Ljava/lang/Object;+11
j  org.junit.platform.engine.support.store.NamespacedHierarchicalStore$StoredValue.evaluate()Ljava/lang/Object;+4
j  org.junit.platform.engine.support.store.NamespacedHierarchicalStore$StoredValue.access$200(Lorg/junit/platform/engine/support/store/NamespacedHierarchicalStore$StoredValue;)Ljava/lang/Object;+1
j  org.junit.platform.engine.support.store.NamespacedHierarchicalStore.getOrComputeIfAbsent(Ljava/lang/Object;Ljava/lang/Object;Ljava/util/function/Function;)Ljava/lang/Object;+58
j  org.junit.platform.engine.support.store.NamespacedHierarchicalStore.getOrComputeIfAbsent(Ljava/lang/Object;Ljava/lang/Object;Ljava/util/function/Function;Ljava/lang/Class;)Ljava/lang/Object;+4
j  org.junit.jupiter.engine.execution.NamespaceAwareStore.lambda$getOrComputeIfAbsent$3(Ljava/lang/Object;Ljava/util/function/Function;Ljava/lang/Class;)Ljava/lang/Object;+11
j  org.junit.jupiter.engine.execution.NamespaceAwareStore$$Lambda+0x000002100110f1e0.get()Ljava/lang/Object;+16
j  org.junit.jupiter.engine.execution.NamespaceAwareStore.accessStore(Ljava/util/function/Supplier;)Ljava/lang/Object;+1
j  org.junit.jupiter.engine.execution.NamespaceAwareStore.getOrComputeIfAbsent(Ljava/lang/Object;Ljava/util/function/Function;Ljava/lang/Class;)Ljava/lang/Object;+31
j  org.springframework.test.context.junit.jupiter.SpringExtension.getTestContextManager(Lorg/junit/jupiter/api/extension/ExtensionContext;)Lorg/springframework/test/context/TestContextManager;+27
j  org.springframework.test.context.junit.jupiter.SpringExtension.beforeAll(Lorg/junit/jupiter/api/extension/ExtensionContext;)V+1
j  org.junit.jupiter.engine.descriptor.ClassBasedTestDescriptor.lambda$invokeBeforeAllCallbacks$12(Lorg/junit/jupiter/api/extension/BeforeAllCallback;Lorg/junit/jupiter/api/extension/ExtensionContext;)V+2
j  org.junit.jupiter.engine.descriptor.ClassBasedTestDescriptor$$Lambda+0x000002100110d420.execute()V+8
j  org.junit.platform.engine.support.hierarchical.ThrowableCollector.execute(Lorg/junit/platform/engine/support/hierarchical/ThrowableCollector$Executable;)V+1
j  org.junit.jupiter.engine.descriptor.ClassBasedTestDescriptor.invokeBeforeAllCallbacks(Lorg/junit/jupiter/engine/execution/JupiterEngineExecutionContext;)V+64
j  org.junit.jupiter.engine.descriptor.ClassBasedTestDescriptor.before(Lorg/junit/jupiter/engine/execution/JupiterEngineExecutionContext;)Lorg/junit/jupiter/engine/execution/JupiterEngineExecutionContext;+46
j  org.junit.jupiter.engine.descriptor.ClassBasedTestDescriptor.before(Lorg/junit/platform/engine/support/hierarchical/EngineExecutionContext;)Lorg/junit/platform/engine/support/hierarchical/EngineExecutionContext;+5
j  org.junit.platform.engine.support.hierarchical.NodeTestTask.lambda$executeRecursively$6()V+51
j  org.junit.platform.engine.support.hierarchical.NodeTestTask$$Lambda+0x00000210010ba060.execute()V+4
j  org.junit.platform.engine.support.hierarchical.ThrowableCollector.execute(Lorg/junit/platform/engine/support/hierarchical/ThrowableCollector$Executable;)V+1
j  org.junit.platform.engine.support.hierarchical.NodeTestTask.lambda$executeRecursively$8(Lorg/junit/platform/engine/support/hierarchical/EngineExecutionContext;)V+15
j  org.junit.platform.engine.support.hierarchical.NodeTestTask$$Lambda+0x00000210010b9e38.invoke(Lorg/junit/platform/engine/support/hierarchical/EngineExecutionContext;)V+5
j  org.junit.platform.engine.support.hierarchical.Node.around(Lorg/junit/platform/engine/support/hierarchical/EngineExecutionContext;Lorg/junit/platform/engine/support/hierarchical/Node$Invocation;)V+2
j  org.junit.platform.engine.support.hierarchical.NodeTestTask.lambda$executeRecursively$9()V+14
j  org.junit.platform.engine.support.hierarchical.NodeTestTask$$Lambda+0x00000210010b9a10.execute()V+4
j  org.junit.platform.engine.support.hierarchical.ThrowableCollector.execute(Lorg/junit/platform/engine/support/hierarchical/ThrowableCollector$Executable;)V+1
j  org.junit.platform.engine.support.hierarchical.NodeTestTask.executeRecursively()V+31
j  org.junit.platform.engine.support.hierarchical.NodeTestTask.execute()V+55
j  org.junit.platform.engine.support.hierarchical.SameThreadHierarchicalTestExecutorService$$Lambda+0x00000210010bab78.accept(Ljava/lang/Object;)V+4
j  java.util.ArrayList.forEach(Ljava/util/function/Consumer;)V+46 java.base@21.0.10
j  org.junit.platform.engine.support.hierarchical.SameThreadHierarchicalTestExecutorService.invokeAll(Ljava/util/List;)V+6
j  org.junit.platform.engine.support.hierarchical.NodeTestTask.lambda$executeRecursively$6()V+116
j  org.junit.platform.engine.support.hierarchical.NodeTestTask$$Lambda+0x00000210010ba060.execute()V+4
j  org.junit.platform.engine.support.hierarchical.ThrowableCollector.execute(Lorg/junit/platform/engine/support/hierarchical/ThrowableCollector$Executable;)V+1
j  org.junit.platform.engine.support.hierarchical.NodeTestTask.lambda$executeRecursively$8(Lorg/junit/platform/engine/support/hierarchical/EngineExecutionContext;)V+15
j  org.junit.platform.engine.support.hierarchical.NodeTestTask$$Lambda+0x00000210010b9e38.invoke(Lorg/junit/platform/engine/support/hierarchical/EngineExecutionContext;)V+5
j  org.junit.platform.engine.support.hierarchical.Node.around(Lorg/junit/platform/engine/support/hierarchical/EngineExecutionContext;Lorg/junit/platform/engine/support/hierarchical/Node$Invocation;)V+2
j  org.junit.platform.engine.support.hierarchical.NodeTestTask.lambda$executeRecursively$9()V+14
j  org.junit.platform.engine.support.hierarchical.NodeTestTask$$Lambda+0x00000210010b9a10.execute()V+4
j  org.junit.platform.engine.support.hierarchical.ThrowableCollector.execute(Lorg/junit/platform/engine/support/hierarchical/ThrowableCollector$Executable;)V+1
j  org.junit.platform.engine.support.hierarchical.NodeTestTask.executeRecursively()V+31
j  org.junit.platform.engine.support.hierarchical.NodeTestTask.execute()V+55
j  org.junit.platform.engine.support.hierarchical.SameThreadHierarchicalTestExecutorService.submit(Lorg/junit/platform/engine/support/hierarchical/HierarchicalTestExecutorService$TestTask;)Ljava/util/concurrent/Future;+1
j  org.junit.platform.engine.support.hierarchical.HierarchicalTestExecutor.execute()Ljava/util/concurrent/Future;+74
j  org.junit.platform.engine.support.hierarchical.HierarchicalTestEngine.execute(Lorg/junit/platform/engine/ExecutionRequest;)V+31
j  org.junit.platform.launcher.core.EngineExecutionOrchestrator.execute(Lorg/junit/platform/engine/TestDescriptor;Lorg/junit/platform/engine/EngineExecutionListener;Lorg/junit/platform/engine/ConfigurationParameters;Lorg/junit/platform/engine/TestEngine;Lorg/junit/platform/engine/reporting/OutputDirectoryProvider;)V+22
j  org.junit.platform.launcher.core.EngineExecutionOrchestrator.execute(Lorg/junit/platform/launcher/core/LauncherDiscoveryResult;Lorg/junit/platform/engine/EngineExecutionListener;)V+119
j  org.junit.platform.launcher.core.EngineExecutionOrchestrator.execute(Lorg/junit/platform/launcher/core/InternalTestPlan;Lorg/junit/platform/engine/EngineExecutionListener;Lorg/junit/platform/launcher/TestExecutionListener;)V+55
j  org.junit.platform.launcher.core.EngineExecutionOrchestrator.lambda$execute$0(Lorg/junit/platform/launcher/core/InternalTestPlan;Lorg/junit/platform/launcher/TestExecutionListener;)V+6
j  org.junit.platform.launcher.core.EngineExecutionOrchestrator$$Lambda+0x00000210010a1db0.accept(Ljava/lang/Object;)V+12
j  org.junit.platform.launcher.core.EngineExecutionOrchestrator.withInterceptedStreams(Lorg/junit/platform/engine/ConfigurationParameters;Lorg/junit/platform/launcher/core/ListenerRegistry;Ljava/util/function/Consumer;)V+51
j  org.junit.platform.launcher.core.EngineExecutionOrchestrator.execute(Lorg/junit/platform/launcher/core/InternalTestPlan;[Lorg/junit/platform/launcher/TestExecutionListener;)V+23
j  org.junit.platform.launcher.core.DefaultLauncher.execute(Lorg/junit/platform/launcher/core/InternalTestPlan;[Lorg/junit/platform/launcher/TestExecutionListener;)V+6
j  org.junit.platform.launcher.core.DefaultLauncher.execute(Lorg/junit/platform/launcher/LauncherDiscoveryRequest;[Lorg/junit/platform/launcher/TestExecutionListener;)V+34
j  org.junit.platform.launcher.core.DelegatingLauncher.execute(Lorg/junit/platform/launcher/LauncherDiscoveryRequest;[Lorg/junit/platform/launcher/TestExecutionListener;)V+6
j  org.junit.platform.launcher.core.InterceptingLauncher.lambda$execute$1(Lorg/junit/platform/launcher/LauncherDiscoveryRequest;[Lorg/junit/platform/launcher/TestExecutionListener;)Ljava/lang/Object;+3
j  org.junit.platform.launcher.core.InterceptingLauncher$$Lambda+0x00000210010a1b88.proceed()Ljava/lang/Object;+12
j  org.junit.platform.launcher.core.ClasspathAlignmentCheckingLauncherInterceptor.intercept(Lorg/junit/platform/launcher/LauncherInterceptor$Invocation;)Ljava/lang/Object;+1
j  org.junit.platform.launcher.core.InterceptingLauncher.execute(Lorg/junit/platform/launcher/LauncherDiscoveryRequest;[Lorg/junit/platform/launcher/TestExecutionListener;)V+12
j  org.junit.platform.launcher.core.DelegatingLauncher.execute(Lorg/junit/platform/launcher/LauncherDiscoveryRequest;[Lorg/junit/platform/launcher/TestExecutionListener;)V+6
j  org.apache.maven.surefire.junitplatform.LauncherAdapter.executeWithoutCancellationToken(Lorg/junit/platform/launcher/LauncherDiscoveryRequest;[Lorg/junit/platform/launcher/TestExecutionListener;)V+6
j  org.apache.maven.surefire.junitplatform.LauncherAdapter.execute(Lorg/junit/platform/launcher/LauncherDiscoveryRequest;[Lorg/junit/platform/launcher/TestExecutionListener;)V+10
j  org.apache.maven.surefire.junitplatform.JUnitPlatformProvider.execute(Lorg/apache/maven/surefire/junitplatform/LauncherAdapter;Lorg/apache/maven/surefire/api/util/TestsToRun;Lorg/apache/maven/surefire/junitplatform/RunListenerAdapter;)V+61
j  org.apache.maven.surefire.junitplatform.JUnitPlatformProvider.invokeAllTests(Lorg/apache/maven/surefire/junitplatform/LauncherAdapter;Lorg/apache/maven/surefire/api/util/TestsToRun;Lorg/apache/maven/surefire/junitplatform/RunListenerAdapter;)V+36
j  org.apache.maven.surefire.junitplatform.JUnitPlatformProvider.invoke(Ljava/lang/Object;)Lorg/apache/maven/surefire/api/suite/RunResult;+144
j  org.apache.maven.surefire.booter.ForkedBooter.runSuitesInProcess()V+8
j  org.apache.maven.surefire.booter.ForkedBooter.execute()V+1
j  org.apache.maven.surefire.booter.ForkedBooter.run(Lorg/apache/maven/surefire/booter/ForkedBooter;[Ljava/lang/String;)V+27
j  org.apache.maven.surefire.booter.ForkedBooter.main([Ljava/lang/String;)V+10
v  ~StubRoutines::call_stub 0x000002105f7b100d

Compiled method (n/a) 2824  684     n 0       java.lang.ClassLoader::defineClass1 (native)
 total in heap  [0x000002105ff32c10,0x000002105ff331a8] = 1432
 relocation     [0x000002105ff32d70,0x000002105ff32da8] = 56
 main code      [0x000002105ff32dc0,0x000002105ff331a1] = 993
 stub code      [0x000002105ff331a1,0x000002105ff331a8] = 7

[Constant Pool (empty)]

[MachCode]
[Entry Point]
  # {method} {0x0000021000435030} 'defineClass1' '(Ljava/lang/ClassLoader;Ljava/lang/String;[BIILjava/security/ProtectionDomain;Ljava/lang/String;)Ljava/lang/Class;' in 'java/lang/ClassLoader'
  # parm0:    rdx:rdx   = 'java/lang/ClassLoader'
  # parm1:    r8:r8     = 'java/lang/String'
  # parm2:    r9:r9     = '[B'
  # parm3:    rdi       = int
  # parm4:    rsi       = int
  # parm5:    rcx:rcx   = 'java/security/ProtectionDomain'
  # parm6:    [sp+0xa0]   = 'java/lang/String'  (sp of caller)
  0x000002105ff32dc0: 448b 5208 | 49bb 0000 | 0000 1002 | 0000 4d03 | d349 3bc2 | 0f84 0600 

  0x000002105ff32dd8: ;   {runtime_call ic_miss_stub}
  0x000002105ff32dd8: 0000 e9a1 | b98c ff90 
[Verified Entry Point]
  0x000002105ff32de0: 8984 2400 | 80ff ff55 | 488b ec48 | 81ec 9000 | 0000 6690 | 4181 7f20 | 0100 0000 

  0x000002105ff32dfc: ;   {runtime_call StubRoutines (final stubs)}
  0x000002105ff32dfc: 7405 e8dd | 368b ff48 | 837d 1000 | 488d 4510 | 480f 4445 | 1048 8944 | 2440 4889 | 4c24 7048 
  0x000002105ff32e1c: 83f9 0048 | 8d44 2470 | 480f 4444 | 2470 4889 | 4424 3848 | 8974 2430 | 4889 7c24 | 284c 894c 
  0x000002105ff32e3c: 2458 4983 | f900 488d | 4424 5848 | 0f44 4424 | 5848 8944 | 2420 4c89 | 4424 5049 | 83f8 004c 
  0x000002105ff32e5c: 8d4c 2450 | 4c0f 444c | 2450 4889 | 5424 4848 | 83fa 004c | 8d44 2448 | 4c0f 4444 

  0x000002105ff32e78: ;   {oop(a 'java/lang/Class'{0x00000007182ab590} = 'java/lang/ClassLoader')}
  0x000002105ff32e78: 2448 49be | 90b5 2a18 | 0700 0000 | 4c89 7424 | 784c 8d74 | 2478 498b | d6c5 f877 

  0x000002105ff32e94: ;   {internal_word}
  0x000002105ff32e94: 49ba 912e | f35f 1002 | 0000 4d89 | 97a8 0300 | 0049 89a7 | a003 0000 

  0x000002105ff32eac: ;   {external_word}
  0x000002105ff32eac: 49ba c65c | 777d fa7f | 0000 4180 | 3a00 0f84 | 4e00 0000 | 5241 5041 

  0x000002105ff32ec4: ;   {metadata({method} {0x0000021000435030} 'defineClass1' '(Ljava/lang/ClassLoader;Ljava/lang/String;[BIILjava/security/ProtectionDomain;Ljava/lang/String;)Ljava/lang/Class;' in 'java/lang/ClassLoader')}
  0x000002105ff32ec4: 5148 ba28 | 5043 0010 | 0200 0049 | 8bcf 4883 | ec20 40f6 | c40f 0f84 | 1900 0000 | 4883 ec08 
  0x000002105ff32ee4: ;   {runtime_call}
  0x000002105ff32ee4: 48b8 50e1 | 207d fa7f | 0000 ffd0 | 4883 c408 | e90c 0000 

  0x000002105ff32ef8: ;   {runtime_call}
  0x000002105ff32ef8: 0048 b850 | e120 7dfa | 7f00 00ff | d048 83c4 | 2041 5941 | 585a 498d | 8fc0 0300 | 0041 c787 
  0x000002105ff32f18: 4c04 0000 | 0400 0000 

  0x000002105ff32f20: ;   {runtime_call}
  0x000002105ff32f20: 48b8 ac16 | 271d fb7f | 0000 ffd0 | c5f8 7741 | c787 4c04 | 0000 0500 | 0000 f083 | 4424 c000 
  0x000002105ff32f40: 493b af50 | 0400 000f | 870e 0000 | 0041 83bf | 4804 0000 | 000f 842b | 0000 00c5 | f877 4889 
  0x000002105ff32f60: 45f8 498b | cf4c 8be4 | 4883 ec20 | 4883 e4f0 

  0x000002105ff32f70: ;   {runtime_call}
  0x000002105ff32f70: 48b8 d052 | ec7c fa7f | 0000 ffd0 | 498b e44d | 33e4 488b | 45f8 41c7 | 874c 0400 | 0008 0000 
  0x000002105ff32f90: 0041 83bf | c804 0000 | 020f 84d5 

  0x000002105ff32f9c: ;   {external_word}
  0x000002105ff32f9c: 0100 0049 | bac6 5c77 | 7dfa 7f00 | 0041 803a | 000f 844c | 0000 0048 

  0x000002105ff32fb4: ;   {metadata({method} {0x0000021000435030} 'defineClass1' '(Ljava/lang/ClassLoader;Ljava/lang/String;[BIILjava/security/ProtectionDomain;Ljava/lang/String;)Ljava/lang/Class;' in 'java/lang/ClassLoader')}
  0x000002105ff32fb4: 8945 f848 | ba28 5043 | 0010 0200 | 0049 8bcf | 4883 ec20 | 40f6 c40f | 0f84 1900 | 0000 4883 
  0x000002105ff32fd4: ;   {runtime_call}
  0x000002105ff32fd4: ec08 48b8 | 50e1 207d | fa7f 0000 | ffd0 4883 | c408 e90c 

  0x000002105ff32fe8: ;   {runtime_call}
  0x000002105ff32fe8: 0000 0048 | b850 e120 | 7dfa 7f00 | 00ff d048 | 83c4 2048 | 8b45 f849 | c787 a003 | 0000 0000 
  0x000002105ff33008: 0000 49c7 | 87a8 0300 | 0000 0000 | 00c5 f877 | 4885 c00f | 8430 0100 | 00a8 030f | 8508 0000 
  0x000002105ff33028: 0048 8b00 | e920 0100 | 00a8 010f | 8509 0000 | 0048 8b40 | fee9 0f01 | 0000 488b | 40ff 4180 
  0x000002105ff33048: 7f40 000f | 8400 0100 | 0048 83f8 | 000f 84f6 | 0000 0049 | 8b4f 2848 | 83f9 000f | 8414 0000 
  0x000002105ff33068: 0048 83e9 | 0849 894f | 2849 034f | 3848 8901 | e9d4 0000 | 0048 83ec | 7048 8904 | 2448 894c 
  0x000002105ff33088: 2408 4889 | 5424 104c | 8944 2418 | 4c89 4c24 | 204c 8954 | 2428 4c89 | 5c24 30c5 | fb11 4424 
  0x000002105ff330a8: 40c5 fb11 | 4c24 48c5 | fb11 5424 | 50c5 fb11 | 5c24 58c5 | fb11 6424 | 60c5 fb11 | 6c24 6849 
  0x000002105ff330c8: 8bd7 488b | c848 83ec | 2040 f6c4 | 0f0f 8419 | 0000 0048 

  0x000002105ff330dc: ;   {runtime_call}
  0x000002105ff330dc: 83ec 0848 | b8f0 a0df | 7cfa 7f00 | 00ff d048 | 83c4 08e9 | 0c00 0000 

  0x000002105ff330f4: ;   {runtime_call}
  0x000002105ff330f4: 48b8 f0a0 | df7c fa7f | 0000 ffd0 | 4883 c420 | c5fb 106c | 2468 c5fb | 1064 2460 | c5fb 105c 
  0x000002105ff33114: 2458 c5fb | 1054 2450 | c5fb 104c | 2448 c5fb | 1044 2440 | 4c8b 5c24 | 304c 8b54 | 2428 4c8b 
  0x000002105ff33134: 4c24 204c | 8b44 2418 | 488b 5424 | 1048 8b4c | 2408 488b | 0424 4883 | c470 c5f8 | 7749 8b8f 
  0x000002105ff33154: 3004 0000 | c781 0001 | 0000 0000 | 0000 c949 | 837f 0800 | 0f85 0100 

  0x000002105ff3316c: ;   {runtime_call StubRoutines (initial stubs)}
  0x000002105ff3316c: 0000 c3e9 | 8cdd 87ff | c5f8 7748 | 8945 f84c | 8be4 4883 | ec20 4883 

  0x000002105ff33184: ;   {runtime_call}
  0x000002105ff33184: e4f0 48b8 | a018 217d | fa7f 0000 | ffd0 498b | e44d 33e4 | 488b 45f8 | e9fe fdff | fff4 f4f4 
  0x000002105ff331a4: f4f4 f4f4 
[/MachCode]


Compiled method (c1) 2837 1301       3       java.lang.ClassLoader::defineClass (43 bytes)
 total in heap  [0x00000210585bd690,0x00000210585bdfe8] = 2392
 relocation     [0x00000210585bd7f0,0x00000210585bd890] = 160
 main code      [0x00000210585bd8a0,0x00000210585bdd40] = 1184
 stub code      [0x00000210585bdd40,0x00000210585bddb8] = 120
 metadata       [0x00000210585bddb8,0x00000210585bdde8] = 48
 scopes data    [0x00000210585bdde8,0x00000210585bded8] = 240
 scopes pcs     [0x00000210585bded8,0x00000210585bdfb8] = 224
 dependencies   [0x00000210585bdfb8,0x00000210585bdfc0] = 8
 nul chk table  [0x00000210585bdfc0,0x00000210585bdfe8] = 40

[Constant Pool (empty)]

[MachCode]
[Entry Point]
  # {method} {0x00000210004353b0} 'defineClass' '(Ljava/lang/String;[BIILjava/security/ProtectionDomain;)Ljava/lang/Class;' in 'java/lang/ClassLoader'
  # this:     rdx:rdx   = 'java/lang/ClassLoader'
  # parm0:    r8:r8     = 'java/lang/String'
  # parm1:    r9:r9     = '[B'
  # parm2:    rdi       = int
  # parm3:    rsi       = int
  # parm4:    rcx:rcx   = 'java/security/ProtectionDomain'
  #           [sp+0xc0]  (sp of caller)
  0x00000210585bd8a0: 448b 5208 | 49bb 0000 | 0000 1002 | 0000 4d03 | d34c 3bd0 

  0x00000210585bd8b4: ;   {runtime_call ic_miss_stub}
  0x00000210585bd8b4: 0f85 c60e | 2407 660f | 1f44 0000 
[Verified Entry Point]
  0x00000210585bd8c0: 8984 2400 | 80ff ff55 | 4881 ecb0 | 0000 0090 | 4181 7f20 | 0100 0000 

  0x00000210585bd8d8: ;   {runtime_call StubRoutines (final stubs)}
  0x00000210585bd8d8: 7405 e801 | 8c22 0748 | 8954 2478 

  0x00000210585bd8e4: ;   {metadata(method data for {method} {0x00000210004353b0} 'defineClass' '(Ljava/lang/String;[BIILjava/security/ProtectionDomain;)Ljava/lang/Class;' in 'java/lang/ClassLoader')}
  0x00000210585bd8e4: 48bb 10c9 | 1b70 1002 | 0000 8b83 | cc00 0000 | 83c0 0289 | 83cc 0000 | 0025 fe07 | 0000 85c0 
  0x00000210585bd904: 0f84 5803 | 0000 89b4 | 2494 0000 | 0089 bc24 | 9000 0000 | 4c89 8c24 | 8800 0000 

  0x00000210585bd920: ;   {metadata(method data for {method} {0x00000210004353b0} 'defineClass' '(Ljava/lang/String;[BIILjava/security/ProtectionDomain;)Ljava/lang/Class;' in 'java/lang/ClassLoader')}
  0x00000210585bd920: 488b da48 | b810 c91b | 7010 0200 | 0048 8380 | 1001 0000 | 0149 8bd8 | 4c8b c34c | 8bc9 488b 
  0x00000210585bd940: ca48 8bd1 | 4889 9c24 | 8000 0000 

  0x00000210585bd94c: ;   {optimized virtual_call}
  0x00000210585bd94c: 6666 90e8 

  0x00000210585bd950: ; ImmutableOopMap {[120]=Oop [128]=Oop [136]=Oop }
                      ;*invokevirtual preDefineClass {reexecute=0 rethrow=0 return_oop=0}
                      ; - java.lang.ClassLoader::defineClass@4 (line 1025)
  0x00000210585bd950: ccfe f3ff 

  0x00000210585bd954: ;   {other}
  0x00000210585bd954: 0f1f 8400 | c402 0000 | 4889 8424 | 9800 0000 | 488b 5424 

  0x00000210585bd968: ;   {metadata(method data for {method} {0x00000210004353b0} 'defineClass' '(Ljava/lang/String;[BIILjava/security/ProtectionDomain;)Ljava/lang/Class;' in 'java/lang/ClassLoader')}
  0x00000210585bd968: 7849 b810 | c91b 7010 | 0200 0049 | 8380 4801 

  0x00000210585bd978: ;   {metadata(method data for {method} {0x0000021000435098} 'defineClassSourceLocation' '(Ljava/security/ProtectionDomain;)Ljava/lang/String;' in 'java/lang/ClassLoader')}
  0x00000210585bd978: 0000 0149 | b8e0 db1b | 7010 0200 | 0041 8b90 | cc00 0000 | 83c2 0241 | 8990 cc00 | 0000 81e2 
  0x00000210585bd998: feff 1f00 | 85d2 0f84 | df02 0000 

  0x00000210585bd9a4: ; implicit exception: dispatches to 0x00000210585bdca4
  0x00000210585bd9a4: 483b 004c 

  0x00000210585bd9a8: ;   {metadata(method data for {method} {0x0000021000435098} 'defineClassSourceLocation' '(Ljava/security/ProtectionDomain;)Ljava/lang/String;' in 'java/lang/ClassLoader')}
  0x00000210585bd9a8: 8bc0 48ba | e0db 1b70 | 1002 0000 | 4883 8210 | 0100 0001 | 448b 4010 | 49c1 e003 

  0x00000210585bd9c4: ;   {metadata(method data for {method} {0x0000021000435098} 'defineClassSourceLocation' '(Ljava/security/ProtectionDomain;)Ljava/lang/String;' in 'java/lang/ClassLoader')}
  0x00000210585bd9c4: 4d85 c048 | bae0 db1b | 7010 0200 | 0048 c7c6 | 5801 0000 | 7507 48c7 | c648 0100 | 0048 8b3c 
  0x00000210585bd9e4: 3248 8d7f | 0148 893c | 320f 850f 

  0x00000210585bd9f0: ;   {oop(nullptr)}
  0x00000210585bd9f0: 0000 0048 | bb00 0000 | 0000 0000 | 00e9 a501 | 0000 493b | 0049 8bd0 

  0x00000210585bda08: ;   {metadata(method data for {method} {0x0000021000435098} 'defineClassSourceLocation' '(Ljava/security/ProtectionDomain;)Ljava/lang/String;' in 'java/lang/ClassLoader')}
  0x00000210585bda08: 48be e0db | 1b70 1002 | 0000 4883 | 8668 0100 | 0001 418b | 500c 48c1 | e203 4885 

  0x00000210585bda24: ;   {metadata(method data for {method} {0x0000021000435098} 'defineClassSourceLocation' '(Ljava/security/ProtectionDomain;)Ljava/lang/String;' in 'java/lang/ClassLoader')}
  0x00000210585bda24: d248 bee0 | db1b 7010 | 0200 0048 | c7c7 b001 | 0000 7507 | 48c7 c7a0 | 0100 0048 | 8b1c 3e48 
  0x00000210585bda44: 8d5b 0148 | 891c 3e0f | 850f 0000 

  0x00000210585bda50: ;   {oop(nullptr)}
  0x00000210585bda50: 0048 bb00 | 0000 0000 | 0000 00e9 | 4701 0000 

  0x00000210585bda60: ;   {metadata(method data for {method} {0x0000021000435098} 'defineClassSourceLocation' '(Ljava/security/ProtectionDomain;)Ljava/lang/String;' in 'java/lang/ClassLoader')}
  0x00000210585bda60: 48be e0db | 1b70 1002 | 0000 4883 | 86c0 0100 | 0001 483b | 024c 8bc2 

  0x00000210585bda78: ;   {metadata(method data for {method} {0x0000021000435098} 'defineClassSourceLocation' '(Ljava/security/ProtectionDomain;)Ljava/lang/String;' in 'java/lang/ClassLoader')}
  0x00000210585bda78: 48be e0db | 1b70 1002 | 0000 4883 | 86f8 0100 

  0x00000210585bda88: ;   {metadata(method data for {method} {0x000002100001abf0} 'toString' '()Ljava/lang/String;' in 'java/net/URL')}
  0x00000210585bda88: 0001 49b8 | 48f7 1670 | 1002 0000 | 418b b0cc | 0000 0083 | c602 4189 | b0cc 0000 | 0081 e6fe 
  0x00000210585bdaa8: ff1f 0085 | f60f 8400 | 0200 004c 

  0x00000210585bdab4: ;   {metadata(method data for {method} {0x000002100001abf0} 'toString' '()Ljava/lang/String;' in 'java/net/URL')}
  0x00000210585bdab4: 8bc2 48be | 48f7 1670 | 1002 0000 | 4883 8610 | 0100 0001 

  0x00000210585bdac8: ;   {metadata(method data for {method} {0x0000021000428c38} 'toExternalForm' '()Ljava/lang/String;' in 'java/net/URL')}
  0x00000210585bdac8: 49b8 d0f8 | 1670 1002 | 0000 418b | b0cc 0000 | 0083 c602 | 4189 b0cc | 0000 0081 | e6fe ff1f 
  0x00000210585bdae8: 0085 f60f | 84e3 0100 | 008b 7238 | 48c1 e603 

  0x00000210585bdaf8: ; implicit exception: dispatches to 0x00000210585bdcf5
  0x00000210585bdaf8: 483b 064c 

  0x00000210585bdafc: ;   {metadata(method data for {method} {0x0000021000428c38} 'toExternalForm' '()Ljava/lang/String;' in 'java/net/URL')}
  0x00000210585bdafc: 8bc6 48bf | d0f8 1670 | 1002 0000 | 458b 4008 | 49ba 0000 | 0000 1002 | 0000 4d03 | c24c 3b87 
  0x00000210585bdb1c: 2001 0000 | 750d 4883 | 8728 0100 | 0001 e960 | 0000 004c | 3b87 3001 | 0000 750d | 4883 8738 
  0x00000210585bdb3c: 0100 0001 | e94a 0000 | 0048 83bf | 2001 0000 | 0075 174c | 8987 2001 | 0000 48c7 | 8728 0100 
  0x00000210585bdb5c: 0001 0000 | 00e9 2900 | 0000 4883 | bf30 0100 | 0000 7517 | 4c89 8730 | 0100 0048 | c787 3801 
  0x00000210585bdb7c: 0000 0100 | 0000 e908 | 0000 0048 | 8387 1001 | 0000 014c | 8bc2 488b 

  0x00000210585bdb94: ;   {optimized virtual_call}
  0x00000210585bdb94: d666 90e8 

  0x00000210585bdb98: ; ImmutableOopMap {[120]=Oop [128]=Oop [136]=Oop [152]=Oop }
                      ;*invokevirtual toExternalForm {reexecute=0 rethrow=0 return_oop=0}
                      ; - java.net.URL::toExternalForm@5 (line 1203)
                      ; - java.net.URL::toString@1 (line 1189)
                      ; - java.lang.ClassLoader::defineClassSourceLocation@22 (line 927)
                      ; - java.lang.ClassLoader::defineClass@12 (line 1026)
  0x00000210585bdb98: 042e ebff 

  0x00000210585bdb9c: ;   {other}
  0x00000210585bdb9c: 0f1f 8400 | 0c05 0001 | 488b d848 | 8b84 2498 | 0000 008b | b424 9400 | 0000 8bbc | 2490 0000 
  0x00000210585bdbbc: 004c 8b8c | 2488 0000 | 004c 8b84 | 2480 0000 | 0048 8b54 

  0x00000210585bdbd0: ;   {metadata(method data for {method} {0x00000210004353b0} 'defineClass' '(Ljava/lang/String;[BIILjava/security/ProtectionDomain;)Ljava/lang/Class;' in 'java/lang/ClassLoader')}
  0x00000210585bdbd0: 2478 48b9 | 10c9 1b70 | 1002 0000 | 4883 8180 | 0100 0001 | 4c8b da49 | 8bd3 488b | c848 891c 
  0x00000210585bdbf0: 2466 0f1f 

  0x00000210585bdbf4: ;   {static_call}
  0x00000210585bdbf4: 4400 00e8 

  0x00000210585bdbf8: ; ImmutableOopMap {[120]=Oop [152]=Oop }
                      ;*invokestatic defineClass1 {reexecute=0 rethrow=0 return_oop=0}
                      ; - java.lang.ClassLoader::defineClass@27 (line 1027)
  0x00000210585bdbf8: e451 9707 

  0x00000210585bdbfc: ;   {other}
  0x00000210585bdbfc: 0f1f 8400 | 6c05 0002 | 488b 5424 

  0x00000210585bdc08: ;   {metadata(method data for {method} {0x00000210004353b0} 'defineClass' '(Ljava/lang/String;[BIILjava/security/ProtectionDomain;)Ljava/lang/Class;' in 'java/lang/ClassLoader')}
  0x00000210585bdc08: 7849 b810 | c91b 7010 | 0200 0049 | 8380 9001 | 0000 014c | 8bc0 4c8b | 8c24 9800 | 0000 488b 
  0x00000210585bdc28: 5424 7848 | 8984 24a0 | 0000 000f 

  0x00000210585bdc34: ;   {optimized virtual_call}
  0x00000210585bdc34: 1f40 00e8 

  0x00000210585bdc38: ; ImmutableOopMap {[160]=Oop }
                      ;*invokevirtual postDefineClass {reexecute=0 rethrow=0 return_oop=0}
                      ; - java.lang.ClassLoader::defineClass@37 (line 1028)
  0x00000210585bdc38: e44d f4ff 

  0x00000210585bdc3c: ;   {other}
  0x00000210585bdc3c: 0f1f 8400 | ac05 0003 | 488b 8424 | a000 0000 | 4881 c4b0 | 0000 005d 

  0x00000210585bdc54: ;   {poll_return}
  0x00000210585bdc54: 493b a750 | 0400 000f | 8799 0000 

  0x00000210585bdc60: ;   {metadata({method} {0x00000210004353b0} 'defineClass' '(Ljava/lang/String;[BIILjava/security/ProtectionDomain;)Ljava/lang/Class;' in 'java/lang/ClassLoader')}
  0x00000210585bdc60: 00c3 49ba | a853 4300 | 1002 0000 | 4c89 5424 | 0848 c704 | 24ff ffff 

  0x00000210585bdc78: ;   {runtime_call counter_overflow Runtime1 stub}
  0x00000210585bdc78: ffe8 8225 

  0x00000210585bdc7c: ; ImmutableOopMap {rdx=Oop r8=Oop r9=Oop rcx=Oop [120]=Oop }
                      ;*synchronization entry
                      ; - java.lang.ClassLoader::defineClass@-1 (line 1025)
  0x00000210585bdc7c: 3007 e987 

  0x00000210585bdc80: ;   {metadata({method} {0x0000021000435098} 'defineClassSourceLocation' '(Ljava/security/ProtectionDomain;)Ljava/lang/String;' in 'java/lang/ClassLoader')}
  0x00000210585bdc80: fcff ff49 | ba90 5043 | 0010 0200 | 004c 8954 | 2408 48c7 | 0424 ffff 

  0x00000210585bdc98: ;   {runtime_call counter_overflow Runtime1 stub}
  0x00000210585bdc98: ffff e861 

  0x00000210585bdc9c: ; ImmutableOopMap {rax=Oop [120]=Oop [128]=Oop [136]=Oop [152]=Oop }
                      ;*synchronization entry
                      ; - java.lang.ClassLoader::defineClassSourceLocation@-1 (line 924)
                      ; - java.lang.ClassLoader::defineClass@12 (line 1026)
  0x00000210585bdc9c: 2530 07e9 | 00fd ffff 

  0x00000210585bdca4: ;   {runtime_call throw_null_pointer_exception Runtime1 stub}
  0x00000210585bdca4: e857 cc2f 

  0x00000210585bdca8: ; ImmutableOopMap {rax=Oop [120]=Oop [128]=Oop [136]=Oop [152]=Oop }
                      ;*invokevirtual getCodeSource {reexecute=0 rethrow=0 return_oop=0}
                      ; - java.lang.ClassLoader::defineClassSourceLocation@1 (line 924)
                      ; - java.lang.ClassLoader::defineClass@12 (line 1026)
                      ;   {runtime_call throw_null_pointer_exception Runtime1 stub}
  0x00000210585bdca8: 07e8 52cc 

  0x00000210585bdcac: ; ImmutableOopMap {rax=Oop r8=Oop [120]=Oop [128]=Oop [136]=Oop [152]=Oop }
                      ;*invokevirtual getLocation {reexecute=0 rethrow=0 return_oop=0}
                      ; - java.lang.ClassLoader::defineClassSourceLocation@12 (line 926)
                      ; - java.lang.ClassLoader::defineClass@12 (line 1026)
                      ;   {runtime_call throw_null_pointer_exception Runtime1 stub}
  0x00000210585bdcac: 2f07 e84d 

  0x00000210585bdcb0: ; ImmutableOopMap {rdx=Oop [120]=Oop [128]=Oop [136]=Oop [152]=Oop }
                      ;*invokevirtual toString {reexecute=0 rethrow=0 return_oop=0}
                      ; - java.lang.ClassLoader::defineClassSourceLocation@22 (line 927)
                      ; - java.lang.ClassLoader::defineClass@12 (line 1026)
                      ;   {metadata({method} {0x000002100001abf0} 'toString' '()Ljava/lang/String;' in 'java/net/URL')}
  0x00000210585bdcb0: cc2f 0749 | bae8 ab01 | 0010 0200 | 004c 8954 | 2408 48c7 | 0424 ffff 

  0x00000210585bdcc8: ;   {runtime_call counter_overflow Runtime1 stub}
  0x00000210585bdcc8: ffff e831 

  0x00000210585bdccc: ; ImmutableOopMap {rdx=Oop [120]=Oop [128]=Oop [136]=Oop [152]=Oop }
                      ;*synchronization entry
                      ; - java.net.URL::toString@-1 (line 1189)
                      ; - java.lang.ClassLoader::defineClassSourceLocation@22 (line 927)
                      ; - java.lang.ClassLoader::defineClass@12 (line 1026)
  0x00000210585bdccc: 2530 07e9 | dffd ffff 

  0x00000210585bdcd4: ;   {metadata({method} {0x0000021000428c38} 'toExternalForm' '()Ljava/lang/String;' in 'java/net/URL')}
  0x00000210585bdcd4: 49ba 308c | 4200 1002 | 0000 4c89 | 5424 0848 | c704 24ff 

  0x00000210585bdce8: ;   {runtime_call counter_overflow Runtime1 stub}
  0x00000210585bdce8: ffff ffe8 

  0x00000210585bdcec: ; ImmutableOopMap {rdx=Oop [120]=Oop [128]=Oop [136]=Oop [152]=Oop }
                      ;*synchronization entry
                      ; - java.net.URL::toExternalForm@-1 (line 1203)
                      ; - java.net.URL::toString@1 (line 1189)
                      ; - java.lang.ClassLoader::defineClassSourceLocation@22 (line 927)
                      ; - java.lang.ClassLoader::defineClass@12 (line 1026)
  0x00000210585bdcec: 1025 3007 | e9fc fdff 

  0x00000210585bdcf4: ;   {runtime_call throw_null_pointer_exception Runtime1 stub}
  0x00000210585bdcf4: ffe8 06cc 

  0x00000210585bdcf8: ; ImmutableOopMap {rdx=Oop rsi=Oop [120]=Oop [128]=Oop [136]=Oop [152]=Oop }
                      ;*invokevirtual toExternalForm {reexecute=0 rethrow=0 return_oop=0}
                      ; - java.net.URL::toExternalForm@5 (line 1203)
                      ; - java.net.URL::toString@1 (line 1189)
                      ; - java.lang.ClassLoader::defineClassSourceLocation@22 (line 927)
                      ; - java.lang.ClassLoader::defineClass@12 (line 1026)
                      ;   {internal_word}
  0x00000210585bdcf8: 2f07 49ba | 54dc 5b58 | 1002 0000 | 4d89 9768 

  0x00000210585bdd08: ;   {runtime_call SafepointBlob}
  0x00000210585bdd08: 0400 00e9 | 7077 2407 | 498b 8700 | 0500 0049 | c787 0005 | 0000 0000 | 0000 49c7 | 8708 0500 
  0x00000210585bdd28: 0000 0000 | 0048 81c4 | b000 0000 

  0x00000210585bdd34: ;   {runtime_call unwind_exception Runtime1 stub}
  0x00000210585bdd34: 5de9 c6bc | 2f07 f4f4 | f4f4 f4f4 
[Stub Code]
  0x00000210585bdd40: ;   {no_reloc}
  0x00000210585bdd40: 0f1f 4400 

  0x00000210585bdd44: ;   {static_stub}
  0x00000210585bdd44: 0048 bb00 | 0000 0000 

  0x00000210585bdd4c: ;   {runtime_call nmethod}
  0x00000210585bdd4c: 0000 00e9 | fbff ffff 

  0x00000210585bdd54: ;   {static_stub}
  0x00000210585bdd54: 48bb 0000 | 0000 0000 

  0x00000210585bdd5c: ;   {runtime_call nmethod}
  0x00000210585bdd5c: 0000 e9fb 

  0x00000210585bdd60: ;   {static_stub}
  0x00000210585bdd60: ffff ff48 | bb00 0000 | 0000 0000 

  0x00000210585bdd6c: ;   {runtime_call nmethod}
  0x00000210585bdd6c: 00e9 fbff 

  0x00000210585bdd70: ;   {static_stub}
  0x00000210585bdd70: ffff 48bb | 0000 0000 | 0000 0000 

  0x00000210585bdd7c: ;   {runtime_call nmethod}
  0x00000210585bdd7c: e9fb ffff 

  0x00000210585bdd80: ;   {runtime_call handle_exception_from_callee Runtime1 stub}
  0x00000210585bdd80: ffe8 7ae9 

  0x00000210585bdd84: ;   {external_word}
  0x00000210585bdd84: 2f07 48b9 | 4053 4d7d | fa7f 0000 | 4883 e4f0 

  0x00000210585bdd94: ;   {runtime_call}
  0x00000210585bdd94: 48b8 b0c3 | 0f7d fa7f | 0000 ffd0 

  0x00000210585bdda0: ;   {section_word}
  0x00000210585bdda0: f449 baa1 | dd5b 5810 | 0200 0041 

  0x00000210585bddac: ;   {runtime_call DeoptimizationBlob}
  0x00000210585bddac: 52e9 6e69 | 2407 f4f4 | f4f4 f4f4 
[/MachCode]


Compiled method (c1) 2860  917       3       java.security.SecureClassLoader::defineClass (16 bytes)
 total in heap  [0x00000210584f7c90,0x00000210584f8090] = 1024
 relocation     [0x00000210584f7df0,0x00000210584f7e40] = 80
 main code      [0x00000210584f7e40,0x00000210584f7f98] = 344
 stub code      [0x00000210584f7f98,0x00000210584f7fe8] = 80
 metadata       [0x00000210584f7fe8,0x00000210584f7ff0] = 8
 scopes data    [0x00000210584f7ff0,0x00000210584f8038] = 72
 scopes pcs     [0x00000210584f8038,0x00000210584f8088] = 80
 dependencies   [0x00000210584f8088,0x00000210584f8090] = 8

[Constant Pool (empty)]

[MachCode]
[Entry Point]
  # {method} {0x000002100004e0e8} 'defineClass' '(Ljava/lang/String;[BIILjava/security/CodeSource;)Ljava/lang/Class;' in 'java/security/SecureClassLoader'
  # this:     rdx:rdx   = 'java/security/SecureClassLoader'
  # parm0:    r8:r8     = 'java/lang/String'
  # parm1:    r9:r9     = '[B'
  # parm2:    rdi       = int
  # parm3:    rsi       = int
  # parm4:    rcx:rcx   = 'java/security/CodeSource'
  #           [sp+0x80]  (sp of caller)
  0x00000210584f7e40: 448b 5208 | 49bb 0000 | 0000 1002 | 0000 4d03 | d34c 3bd0 

  0x00000210584f7e54: ;   {runtime_call ic_miss_stub}
  0x00000210584f7e54: 0f85 2669 | 3007 660f | 1f44 0000 
[Verified Entry Point]
  0x00000210584f7e60: 8984 2400 | 80ff ff55 | 4883 ec70 | 4181 7f20 | 0100 0000 

  0x00000210584f7e74: ;   {runtime_call StubRoutines (final stubs)}
  0x00000210584f7e74: 7405 e865 

  0x00000210584f7e78: ;   {metadata(method data for {method} {0x000002100004e0e8} 'defineClass' '(Ljava/lang/String;[BIILjava/security/CodeSource;)Ljava/lang/Class;' in 'java/security/SecureClassLoader')}
  0x00000210584f7e78: e62e 0748 | bb20 c51b | 7010 0200 | 008b 83cc | 0000 0083 | c002 8983 | cc00 0000 | 25fe 0700 
  0x00000210584f7e98: 0085 c00f | 8496 0000 | 0089 7424 | 5c89 7c24 | 584c 894c | 2450 4c89 | 4424 4848 

  0x00000210584f7eb4: ;   {metadata(method data for {method} {0x000002100004e0e8} 'defineClass' '(Ljava/lang/String;[BIILjava/security/CodeSource;)Ljava/lang/Class;' in 'java/security/SecureClassLoader')}
  0x00000210584f7eb4: 8bda 48b8 | 20c5 1b70 | 1002 0000 | 4883 8010 | 0100 0001 | 4c8b c148 | 8bc2 488b | d048 8944 
  0x00000210584f7ed4: ;   {optimized virtual_call}
  0x00000210584f7ed4: 2440 90e8 

  0x00000210584f7ed8: ; ImmutableOopMap {[64]=Oop [72]=Oop [80]=Oop }
                      ;*invokevirtual getProtectionDomain {reexecute=0 rethrow=0 return_oop=0}
                      ; - java.security.SecureClassLoader::defineClass@9 (line 150)
  0x00000210584f7ed8: c40c 0000 

  0x00000210584f7edc: ;   {other}
  0x00000210584f7edc: 0f1f 8400 | 4c02 0000 | 488b 5424 

  0x00000210584f7ee8: ;   {metadata(method data for {method} {0x000002100004e0e8} 'defineClass' '(Ljava/lang/String;[BIILjava/security/CodeSource;)Ljava/lang/Class;' in 'java/security/SecureClassLoader')}
  0x00000210584f7ee8: 4049 b820 | c51b 7010 | 0200 0049 | 8380 4801 | 0000 014c | 8b44 2448 | 4c8b 4c24 | 508b 7c24 
  0x00000210584f7f08: 588b 7424 | 5c48 8bc8 | 488b 5424 

  0x00000210584f7f14: ;   {optimized virtual_call}
  0x00000210584f7f14: 4066 90e8 

  0x00000210584f7f18: ; ImmutableOopMap {}
                      ;*invokevirtual defineClass {reexecute=0 rethrow=0 return_oop=0}
                      ; - java.security.SecureClassLoader::defineClass@12 (line 150)
  0x00000210584f7f18: a459 0c00 

  0x00000210584f7f1c: ;   {other}
  0x00000210584f7f1c: 0f1f 8400 | 8c02 0001 | 4883 c470 

  0x00000210584f7f28: ;   {poll_return}
  0x00000210584f7f28: 5d49 3ba7 | 5004 0000 | 0f87 2200 

  0x00000210584f7f34: ;   {metadata({method} {0x000002100004e0e8} 'defineClass' '(Ljava/lang/String;[BIILjava/security/CodeSource;)Ljava/lang/Class;' in 'java/security/SecureClassLoader')}
  0x00000210584f7f34: 0000 c349 | bae0 e004 | 0010 0200 | 004c 8954 | 2408 48c7 | 0424 ffff 

  0x00000210584f7f4c: ;   {runtime_call counter_overflow Runtime1 stub}
  0x00000210584f7f4c: ffff e8ad 

  0x00000210584f7f50: ; ImmutableOopMap {rdx=Oop r8=Oop r9=Oop rcx=Oop }
                      ;*synchronization entry
                      ; - java.security.SecureClassLoader::defineClass@-1 (line 150)
  0x00000210584f7f50: 823c 07e9 | 49ff ffff 

  0x00000210584f7f58: ;   {internal_word}
  0x00000210584f7f58: 49ba 297f | 4f58 1002 | 0000 4d89 | 9768 0400 

  0x00000210584f7f68: ;   {runtime_call SafepointBlob}
  0x00000210584f7f68: 00e9 12d5 | 3007 498b | 8700 0500 | 0049 c787 | 0005 0000 | 0000 0000 | 49c7 8708 | 0500 0000 
  0x00000210584f7f88: 0000 0048 | 83c4 705d 

  0x00000210584f7f90: ;   {runtime_call unwind_exception Runtime1 stub}
  0x00000210584f7f90: e96b 1a3c | 07f4 f4f4 
[Stub Code]
  0x00000210584f7f98: ;   {no_reloc}
  0x00000210584f7f98: 48bb 0000 | 0000 0000 

  0x00000210584f7fa0: ;   {runtime_call nmethod}
  0x00000210584f7fa0: 0000 e9fb 

  0x00000210584f7fa4: ;   {static_stub}
  0x00000210584f7fa4: ffff ff48 | bba8 5343 | 0010 0200 

  0x00000210584f7fb0: ;   {runtime_call I2C/C2I adapters}
  0x00000210584f7fb0: 00e9 3fa6 

  0x00000210584f7fb4: ;   {runtime_call handle_exception_from_callee Runtime1 stub}
  0x00000210584f7fb4: 2f07 e845 

  0x00000210584f7fb8: ;   {external_word}
  0x00000210584f7fb8: 473c 0748 | b940 534d | 7dfa 7f00 | 0048 83e4 

  0x00000210584f7fc8: ;   {runtime_call}
  0x00000210584f7fc8: f048 b8b0 | c30f 7dfa | 7f00 00ff 

  0x00000210584f7fd4: ;   {section_word}
  0x00000210584f7fd4: d0f4 49ba | d67f 4f58 | 1002 0000 

  0x00000210584f7fe0: ;   {runtime_call DeoptimizationBlob}
  0x00000210584f7fe0: 4152 e939 | c730 07f4 
[/MachCode]


---------------  P R O C E S S  ---------------

Threads class SMR info:
_java_thread_list=0x0000021074c4c1f0, length=17, elements={
0x000002104d907570, 0x000002106f854570, 0x000002106f857d00, 0x000002106f8596e0,
0x000002106f85a270, 0x000002106f85d400, 0x000002106f861ea0, 0x000002106f876a20,
0x000002106f883750, 0x000002106f85fdd0, 0x000002106f860af0, 0x000002106f880e70,
0x000002106f8822e0, 0x000002106f85ea20, 0x000002106f85f0b0, 0x000002106f881540,
0x000002106f881c10
}

Java Threads: ( => current thread )
=>0x000002104d907570 JavaThread "main"                              [_thread_in_vm, id=33400, stack(0x000000fff1c00000,0x000000fff1d00000) (1024K)]
  0x000002106f854570 JavaThread "Reference Handler"          daemon [_thread_blocked, id=34740, stack(0x000000fff2400000,0x000000fff2500000) (1024K)]
  0x000002106f857d00 JavaThread "Finalizer"                  daemon [_thread_blocked, id=34360, stack(0x000000fff2500000,0x000000fff2600000) (1024K)]
  0x000002106f8596e0 JavaThread "Signal Dispatcher"          daemon [_thread_blocked, id=29496, stack(0x000000fff2600000,0x000000fff2700000) (1024K)]
  0x000002106f85a270 JavaThread "Attach Listener"            daemon [_thread_blocked, id=34764, stack(0x000000fff2700000,0x000000fff2800000) (1024K)]
  0x000002106f85d400 JavaThread "Service Thread"             daemon [_thread_blocked, id=27260, stack(0x000000fff2800000,0x000000fff2900000) (1024K)]
  0x000002106f861ea0 JavaThread "Monitor Deflation Thread"   daemon [_thread_blocked, id=25404, stack(0x000000fff2900000,0x000000fff2a00000) (1024K)]
  0x000002106f876a20 JavaThread "C2 CompilerThread0"         daemon [_thread_blocked, id=27252, stack(0x000000fff2a00000,0x000000fff2b00000) (1024K)]
  0x000002106f883750 JavaThread "C1 CompilerThread0"         daemon [_thread_blocked, id=28552, stack(0x000000fff2b00000,0x000000fff2c00000) (1024K)]
  0x000002106f85fdd0 JavaThread "Notification Thread"        daemon [_thread_blocked, id=11232, stack(0x000000fff2c00000,0x000000fff2d00000) (1024K)]
  0x000002106f860af0 JavaThread "Common-Cleaner"             daemon [_thread_blocked, id=28948, stack(0x000000fff2d00000,0x000000fff2e00000) (1024K)]
  0x000002106f880e70 JavaThread "C1 CompilerThread1"         daemon [_thread_blocked, id=32740, stack(0x000000fff2e00000,0x000000fff2f00000) (1024K)]
  0x000002106f8822e0 JavaThread "C1 CompilerThread2"         daemon [_thread_blocked, id=19576, stack(0x000000fff2f00000,0x000000fff3000000) (1024K)]
  0x000002106f85ea20 JavaThread "surefire-forkedjvm-stream-flusher" daemon [_thread_blocked, id=30916, stack(0x000000fff3000000,0x000000fff3100000) (1024K)]
  0x000002106f85f0b0 JavaThread "surefire-forkedjvm-command-thread" daemon [_thread_in_native, id=22424, stack(0x000000fff3100000,0x000000fff3200000) (1024K)]
  0x000002106f881540 JavaThread "C2 CompilerThread1"         daemon [_thread_blocked, id=32752, stack(0x000000fff3200000,0x000000fff3300000) (1024K)]
  0x000002106f881c10 JavaThread "C2 CompilerThread2"         daemon [_thread_blocked, id=32744, stack(0x000000fff3300000,0x000000fff3400000) (1024K)]
Total: 17

Other Threads:
  0x000002106f833e40 VMThread "VM Thread"                           [id=31708, stack(0x000000fff2300000,0x000000fff2400000) (1024K)]
  0x000002106f81fda0 WatcherThread "VM Periodic Task Thread"        [id=33384, stack(0x000000fff2200000,0x000000fff2300000) (1024K)]
  0x000002104fcb5620 WorkerThread "GC Thread#0"                     [id=32732, stack(0x000000fff1d00000,0x000000fff1e00000) (1024K)]
  0x0000021074b2e040 WorkerThread "GC Thread#1"                     [id=33960, stack(0x000000fff3400000,0x000000fff3500000) (1024K)]
  0x0000021074b412c0 WorkerThread "GC Thread#2"                     [id=30816, stack(0x000000fff3500000,0x000000fff3600000) (1024K)]
  0x0000021074b41670 WorkerThread "GC Thread#3"                     [id=33360, stack(0x000000fff3600000,0x000000fff3700000) (1024K)]
  0x0000021074b41a20 WorkerThread "GC Thread#4"                     [id=28244, stack(0x000000fff3700000,0x000000fff3800000) (1024K)]
  0x000002104fcc7df0 ConcurrentGCThread "G1 Main Marker"            [id=4984, stack(0x000000fff1e00000,0x000000fff1f00000) (1024K)]
  0x000002104fcc9590 WorkerThread "G1 Conc#0"                       [id=28996, stack(0x000000fff1f00000,0x000000fff2000000) (1024K)]
  0x000002106f6ef7b0 ConcurrentGCThread "G1 Refine#0"               [id=34616, stack(0x000000fff2000000,0x000000fff2100000) (1024K)]
  0x000002106f6effe0 ConcurrentGCThread "G1 Service"                [id=34236, stack(0x000000fff2100000,0x000000fff2200000) (1024K)]
Total: 11

Threads with active compile tasks:
Total: 0

VM state: not at safepoint (normal execution)

VM Mutex/Monitor currently owned by a thread:  ([mutex/lock_event])
[0x00007ffa7d78c4e0] Metaspace_lock - owner thread: 0x000002104d907570

Heap address: 0x000000070a400000, size: 3932 MB, Compressed Oops mode: Zero based, Oop shift amount: 3

CDS archive(s) mapped at: [0x0000021000000000-0x0000021000c80000-0x0000021000c80000), size 13107200, SharedBaseAddress: 0x0000021000000000, ArchiveRelocationMode: 1.
Compressed class space mapped at: 0x0000021001000000-0x0000021041000000, reserved size: 1073741824
Narrow klass base: 0x0000021000000000, Narrow klass shift: 0, Narrow klass range: 0x100000000

GC Precious Log:
 CardTable entry size: 512
 Card Set container configuration: InlinePtr #cards 4 size 8 Array Of Cards #cards 16 size 48 Howl #buckets 8 coarsen threshold 3686 Howl Bitmap #cards 512 size 80 coarsen threshold 460 Card regions per heap region 1 cards per card region 4096
 CPUs: 16 total, 16 available
 Memory: 15724M
 Large Page Support: Disabled
 NUMA Support: Disabled
 Compressed Oops: Enabled (Zero based)
 Heap Region Size: 2M
 Heap Min Capacity: 8M
 Heap Initial Capacity: 246M
 Heap Max Capacity: 3932M
 Pre-touch: Disabled
 Parallel Workers: 13
 Concurrent Workers: 3
 Concurrent Refinement Workers: 13
 Periodic GC: Disabled

Heap:
 garbage-first heap   total 251904K, used 20083K [0x000000070a400000, 0x0000000800000000)
  region size 2048K, 10 young (20480K), 2 survivors (4096K)
 Metaspace       used 7480K, committed 7680K, reserved 1114112K
  class space    used 949K, committed 1024K, reserved 1048576K

Heap Regions: E=young(eden), S=young(survivor), O=old, HS=humongous(starts), HC=humongous(continues), CS=collection set, F=free, TAMS=top-at-mark-start, PB=parsable bottom
|   0|0x000000070a400000, 0x000000070a600000, 0x000000070a600000|100%| O|  |TAMS 0x000000070a400000| PB 0x000000070a400000| Untracked 
|   1|0x000000070a600000, 0x000000070a79cd18, 0x000000070a800000| 80%| O|  |TAMS 0x000000070a600000| PB 0x000000070a600000| Untracked 
|   2|0x000000070a800000, 0x000000070a800000, 0x000000070aa00000|  0%| F|  |TAMS 0x000000070a800000| PB 0x000000070a800000| Untracked 
|   3|0x000000070aa00000, 0x000000070aa00000, 0x000000070ac00000|  0%| F|  |TAMS 0x000000070aa00000| PB 0x000000070aa00000| Untracked 
|   4|0x000000070ac00000, 0x000000070ac00000, 0x000000070ae00000|  0%| F|  |TAMS 0x000000070ac00000| PB 0x000000070ac00000| Untracked 
|   5|0x000000070ae00000, 0x000000070ae00000, 0x000000070b000000|  0%| F|  |TAMS 0x000000070ae00000| PB 0x000000070ae00000| Untracked 
|   6|0x000000070b000000, 0x000000070b000000, 0x000000070b200000|  0%| F|  |TAMS 0x000000070b000000| PB 0x000000070b000000| Untracked 
|   7|0x000000070b200000, 0x000000070b200000, 0x000000070b400000|  0%| F|  |TAMS 0x000000070b200000| PB 0x000000070b200000| Untracked 
|   8|0x000000070b400000, 0x000000070b400000, 0x000000070b600000|  0%| F|  |TAMS 0x000000070b400000| PB 0x000000070b400000| Untracked 
|   9|0x000000070b600000, 0x000000070b600000, 0x000000070b800000|  0%| F|  |TAMS 0x000000070b600000| PB 0x000000070b600000| Untracked 
|  10|0x000000070b800000, 0x000000070b800000, 0x000000070ba00000|  0%| F|  |TAMS 0x000000070b800000| PB 0x000000070b800000| Untracked 
|  11|0x000000070ba00000, 0x000000070ba00000, 0x000000070bc00000|  0%| F|  |TAMS 0x000000070ba00000| PB 0x000000070ba00000| Untracked 
|  12|0x000000070bc00000, 0x000000070bc00000, 0x000000070be00000|  0%| F|  |TAMS 0x000000070bc00000| PB 0x000000070bc00000| Untracked 
|  13|0x000000070be00000, 0x000000070be00000, 0x000000070c000000|  0%| F|  |TAMS 0x000000070be00000| PB 0x000000070be00000| Untracked 
|  14|0x000000070c000000, 0x000000070c000000, 0x000000070c200000|  0%| F|  |TAMS 0x000000070c000000| PB 0x000000070c000000| Untracked 
|  15|0x000000070c200000, 0x000000070c200000, 0x000000070c400000|  0%| F|  |TAMS 0x000000070c200000| PB 0x000000070c200000| Untracked 
|  16|0x000000070c400000, 0x000000070c400000, 0x000000070c600000|  0%| F|  |TAMS 0x000000070c400000| PB 0x000000070c400000| Untracked 
|  17|0x000000070c600000, 0x000000070c600000, 0x000000070c800000|  0%| F|  |TAMS 0x000000070c600000| PB 0x000000070c600000| Untracked 
|  18|0x000000070c800000, 0x000000070c800000, 0x000000070ca00000|  0%| F|  |TAMS 0x000000070c800000| PB 0x000000070c800000| Untracked 
|  19|0x000000070ca00000, 0x000000070ca00000, 0x000000070cc00000|  0%| F|  |TAMS 0x000000070ca00000| PB 0x000000070ca00000| Untracked 
|  20|0x000000070cc00000, 0x000000070cc00000, 0x000000070ce00000|  0%| F|  |TAMS 0x000000070cc00000| PB 0x000000070cc00000| Untracked 
|  21|0x000000070ce00000, 0x000000070ce00000, 0x000000070d000000|  0%| F|  |TAMS 0x000000070ce00000| PB 0x000000070ce00000| Untracked 
|  22|0x000000070d000000, 0x000000070d000000, 0x000000070d200000|  0%| F|  |TAMS 0x000000070d000000| PB 0x000000070d000000| Untracked 
|  23|0x000000070d200000, 0x000000070d200000, 0x000000070d400000|  0%| F|  |TAMS 0x000000070d200000| PB 0x000000070d200000| Untracked 
|  24|0x000000070d400000, 0x000000070d400000, 0x000000070d600000|  0%| F|  |TAMS 0x000000070d400000| PB 0x000000070d400000| Untracked 
|  25|0x000000070d600000, 0x000000070d600000, 0x000000070d800000|  0%| F|  |TAMS 0x000000070d600000| PB 0x000000070d600000| Untracked 
|  26|0x000000070d800000, 0x000000070d800000, 0x000000070da00000|  0%| F|  |TAMS 0x000000070d800000| PB 0x000000070d800000| Untracked 
|  27|0x000000070da00000, 0x000000070da00000, 0x000000070dc00000|  0%| F|  |TAMS 0x000000070da00000| PB 0x000000070da00000| Untracked 
|  28|0x000000070dc00000, 0x000000070dc00000, 0x000000070de00000|  0%| F|  |TAMS 0x000000070dc00000| PB 0x000000070dc00000| Untracked 
|  29|0x000000070de00000, 0x000000070de00000, 0x000000070e000000|  0%| F|  |TAMS 0x000000070de00000| PB 0x000000070de00000| Untracked 
|  30|0x000000070e000000, 0x000000070e000000, 0x000000070e200000|  0%| F|  |TAMS 0x000000070e000000| PB 0x000000070e000000| Untracked 
|  31|0x000000070e200000, 0x000000070e200000, 0x000000070e400000|  0%| F|  |TAMS 0x000000070e200000| PB 0x000000070e200000| Untracked 
|  32|0x000000070e400000, 0x000000070e400000, 0x000000070e600000|  0%| F|  |TAMS 0x000000070e400000| PB 0x000000070e400000| Untracked 
|  33|0x000000070e600000, 0x000000070e600000, 0x000000070e800000|  0%| F|  |TAMS 0x000000070e600000| PB 0x000000070e600000| Untracked 
|  34|0x000000070e800000, 0x000000070e800000, 0x000000070ea00000|  0%| F|  |TAMS 0x000000070e800000| PB 0x000000070e800000| Untracked 
|  35|0x000000070ea00000, 0x000000070ea00000, 0x000000070ec00000|  0%| F|  |TAMS 0x000000070ea00000| PB 0x000000070ea00000| Untracked 
|  36|0x000000070ec00000, 0x000000070ec00000, 0x000000070ee00000|  0%| F|  |TAMS 0x000000070ec00000| PB 0x000000070ec00000| Untracked 
|  37|0x000000070ee00000, 0x000000070ee00000, 0x000000070f000000|  0%| F|  |TAMS 0x000000070ee00000| PB 0x000000070ee00000| Untracked 
|  38|0x000000070f000000, 0x000000070f000000, 0x000000070f200000|  0%| F|  |TAMS 0x000000070f000000| PB 0x000000070f000000| Untracked 
|  39|0x000000070f200000, 0x000000070f200000, 0x000000070f400000|  0%| F|  |TAMS 0x000000070f200000| PB 0x000000070f200000| Untracked 
|  40|0x000000070f400000, 0x000000070f400000, 0x000000070f600000|  0%| F|  |TAMS 0x000000070f400000| PB 0x000000070f400000| Untracked 
|  41|0x000000070f600000, 0x000000070f600000, 0x000000070f800000|  0%| F|  |TAMS 0x000000070f600000| PB 0x000000070f600000| Untracked 
|  42|0x000000070f800000, 0x000000070f800000, 0x000000070fa00000|  0%| F|  |TAMS 0x000000070f800000| PB 0x000000070f800000| Untracked 
|  43|0x000000070fa00000, 0x000000070fa00000, 0x000000070fc00000|  0%| F|  |TAMS 0x000000070fa00000| PB 0x000000070fa00000| Untracked 
|  44|0x000000070fc00000, 0x000000070fc00000, 0x000000070fe00000|  0%| F|  |TAMS 0x000000070fc00000| PB 0x000000070fc00000| Untracked 
|  45|0x000000070fe00000, 0x000000070fe00000, 0x0000000710000000|  0%| F|  |TAMS 0x000000070fe00000| PB 0x000000070fe00000| Untracked 
|  46|0x0000000710000000, 0x0000000710000000, 0x0000000710200000|  0%| F|  |TAMS 0x0000000710000000| PB 0x0000000710000000| Untracked 
|  47|0x0000000710200000, 0x0000000710200000, 0x0000000710400000|  0%| F|  |TAMS 0x0000000710200000| PB 0x0000000710200000| Untracked 
|  48|0x0000000710400000, 0x0000000710400000, 0x0000000710600000|  0%| F|  |TAMS 0x0000000710400000| PB 0x0000000710400000| Untracked 
|  49|0x0000000710600000, 0x0000000710600000, 0x0000000710800000|  0%| F|  |TAMS 0x0000000710600000| PB 0x0000000710600000| Untracked 
|  50|0x0000000710800000, 0x0000000710800000, 0x0000000710a00000|  0%| F|  |TAMS 0x0000000710800000| PB 0x0000000710800000| Untracked 
|  51|0x0000000710a00000, 0x0000000710a00000, 0x0000000710c00000|  0%| F|  |TAMS 0x0000000710a00000| PB 0x0000000710a00000| Untracked 
|  52|0x0000000710c00000, 0x0000000710c00000, 0x0000000710e00000|  0%| F|  |TAMS 0x0000000710c00000| PB 0x0000000710c00000| Untracked 
|  53|0x0000000710e00000, 0x0000000710e00000, 0x0000000711000000|  0%| F|  |TAMS 0x0000000710e00000| PB 0x0000000710e00000| Untracked 
|  54|0x0000000711000000, 0x0000000711000000, 0x0000000711200000|  0%| F|  |TAMS 0x0000000711000000| PB 0x0000000711000000| Untracked 
|  55|0x0000000711200000, 0x0000000711200000, 0x0000000711400000|  0%| F|  |TAMS 0x0000000711200000| PB 0x0000000711200000| Untracked 
|  56|0x0000000711400000, 0x0000000711400000, 0x0000000711600000|  0%| F|  |TAMS 0x0000000711400000| PB 0x0000000711400000| Untracked 
|  57|0x0000000711600000, 0x0000000711600000, 0x0000000711800000|  0%| F|  |TAMS 0x0000000711600000| PB 0x0000000711600000| Untracked 
|  58|0x0000000711800000, 0x0000000711800000, 0x0000000711a00000|  0%| F|  |TAMS 0x0000000711800000| PB 0x0000000711800000| Untracked 
|  59|0x0000000711a00000, 0x0000000711a00000, 0x0000000711c00000|  0%| F|  |TAMS 0x0000000711a00000| PB 0x0000000711a00000| Untracked 
|  60|0x0000000711c00000, 0x0000000711c00000, 0x0000000711e00000|  0%| F|  |TAMS 0x0000000711c00000| PB 0x0000000711c00000| Untracked 
|  61|0x0000000711e00000, 0x0000000711e00000, 0x0000000712000000|  0%| F|  |TAMS 0x0000000711e00000| PB 0x0000000711e00000| Untracked 
|  62|0x0000000712000000, 0x0000000712000000, 0x0000000712200000|  0%| F|  |TAMS 0x0000000712000000| PB 0x0000000712000000| Untracked 
|  63|0x0000000712200000, 0x0000000712200000, 0x0000000712400000|  0%| F|  |TAMS 0x0000000712200000| PB 0x0000000712200000| Untracked 
|  64|0x0000000712400000, 0x0000000712400000, 0x0000000712600000|  0%| F|  |TAMS 0x0000000712400000| PB 0x0000000712400000| Untracked 
|  65|0x0000000712600000, 0x0000000712600000, 0x0000000712800000|  0%| F|  |TAMS 0x0000000712600000| PB 0x0000000712600000| Untracked 
|  66|0x0000000712800000, 0x0000000712800000, 0x0000000712a00000|  0%| F|  |TAMS 0x0000000712800000| PB 0x0000000712800000| Untracked 
|  67|0x0000000712a00000, 0x0000000712a00000, 0x0000000712c00000|  0%| F|  |TAMS 0x0000000712a00000| PB 0x0000000712a00000| Untracked 
|  68|0x0000000712c00000, 0x0000000712c00000, 0x0000000712e00000|  0%| F|  |TAMS 0x0000000712c00000| PB 0x0000000712c00000| Untracked 
|  69|0x0000000712e00000, 0x0000000712e00000, 0x0000000713000000|  0%| F|  |TAMS 0x0000000712e00000| PB 0x0000000712e00000| Untracked 
|  70|0x0000000713000000, 0x0000000713000000, 0x0000000713200000|  0%| F|  |TAMS 0x0000000713000000| PB 0x0000000713000000| Untracked 
|  71|0x0000000713200000, 0x0000000713200000, 0x0000000713400000|  0%| F|  |TAMS 0x0000000713200000| PB 0x0000000713200000| Untracked 
|  72|0x0000000713400000, 0x0000000713400000, 0x0000000713600000|  0%| F|  |TAMS 0x0000000713400000| PB 0x0000000713400000| Untracked 
|  73|0x0000000713600000, 0x0000000713600000, 0x0000000713800000|  0%| F|  |TAMS 0x0000000713600000| PB 0x0000000713600000| Untracked 
|  74|0x0000000713800000, 0x0000000713800000, 0x0000000713a00000|  0%| F|  |TAMS 0x0000000713800000| PB 0x0000000713800000| Untracked 
|  75|0x0000000713a00000, 0x0000000713a00000, 0x0000000713c00000|  0%| F|  |TAMS 0x0000000713a00000| PB 0x0000000713a00000| Untracked 
|  76|0x0000000713c00000, 0x0000000713c00000, 0x0000000713e00000|  0%| F|  |TAMS 0x0000000713c00000| PB 0x0000000713c00000| Untracked 
|  77|0x0000000713e00000, 0x0000000713e00000, 0x0000000714000000|  0%| F|  |TAMS 0x0000000713e00000| PB 0x0000000713e00000| Untracked 
|  78|0x0000000714000000, 0x0000000714000000, 0x0000000714200000|  0%| F|  |TAMS 0x0000000714000000| PB 0x0000000714000000| Untracked 
|  79|0x0000000714200000, 0x0000000714200000, 0x0000000714400000|  0%| F|  |TAMS 0x0000000714200000| PB 0x0000000714200000| Untracked 
|  80|0x0000000714400000, 0x0000000714400000, 0x0000000714600000|  0%| F|  |TAMS 0x0000000714400000| PB 0x0000000714400000| Untracked 
|  81|0x0000000714600000, 0x0000000714600000, 0x0000000714800000|  0%| F|  |TAMS 0x0000000714600000| PB 0x0000000714600000| Untracked 
|  82|0x0000000714800000, 0x0000000714800000, 0x0000000714a00000|  0%| F|  |TAMS 0x0000000714800000| PB 0x0000000714800000| Untracked 
|  83|0x0000000714a00000, 0x0000000714a00000, 0x0000000714c00000|  0%| F|  |TAMS 0x0000000714a00000| PB 0x0000000714a00000| Untracked 
|  84|0x0000000714c00000, 0x0000000714c00000, 0x0000000714e00000|  0%| F|  |TAMS 0x0000000714c00000| PB 0x0000000714c00000| Untracked 
|  85|0x0000000714e00000, 0x0000000714e00000, 0x0000000715000000|  0%| F|  |TAMS 0x0000000714e00000| PB 0x0000000714e00000| Untracked 
|  86|0x0000000715000000, 0x0000000715000000, 0x0000000715200000|  0%| F|  |TAMS 0x0000000715000000| PB 0x0000000715000000| Untracked 
|  87|0x0000000715200000, 0x0000000715200000, 0x0000000715400000|  0%| F|  |TAMS 0x0000000715200000| PB 0x0000000715200000| Untracked 
|  88|0x0000000715400000, 0x0000000715400000, 0x0000000715600000|  0%| F|  |TAMS 0x0000000715400000| PB 0x0000000715400000| Untracked 
|  89|0x0000000715600000, 0x0000000715600000, 0x0000000715800000|  0%| F|  |TAMS 0x0000000715600000| PB 0x0000000715600000| Untracked 
|  90|0x0000000715800000, 0x0000000715800000, 0x0000000715a00000|  0%| F|  |TAMS 0x0000000715800000| PB 0x0000000715800000| Untracked 
|  91|0x0000000715a00000, 0x0000000715a00000, 0x0000000715c00000|  0%| F|  |TAMS 0x0000000715a00000| PB 0x0000000715a00000| Untracked 
|  92|0x0000000715c00000, 0x0000000715c00000, 0x0000000715e00000|  0%| F|  |TAMS 0x0000000715c00000| PB 0x0000000715c00000| Untracked 
|  93|0x0000000715e00000, 0x0000000715e00000, 0x0000000716000000|  0%| F|  |TAMS 0x0000000715e00000| PB 0x0000000715e00000| Untracked 
|  94|0x0000000716000000, 0x0000000716000000, 0x0000000716200000|  0%| F|  |TAMS 0x0000000716000000| PB 0x0000000716000000| Untracked 
|  95|0x0000000716200000, 0x0000000716200000, 0x0000000716400000|  0%| F|  |TAMS 0x0000000716200000| PB 0x0000000716200000| Untracked 
|  96|0x0000000716400000, 0x0000000716400000, 0x0000000716600000|  0%| F|  |TAMS 0x0000000716400000| PB 0x0000000716400000| Untracked 
|  97|0x0000000716600000, 0x0000000716600000, 0x0000000716800000|  0%| F|  |TAMS 0x0000000716600000| PB 0x0000000716600000| Untracked 
|  98|0x0000000716800000, 0x0000000716800000, 0x0000000716a00000|  0%| F|  |TAMS 0x0000000716800000| PB 0x0000000716800000| Untracked 
|  99|0x0000000716a00000, 0x0000000716a00000, 0x0000000716c00000|  0%| F|  |TAMS 0x0000000716a00000| PB 0x0000000716a00000| Untracked 
| 100|0x0000000716c00000, 0x0000000716c00000, 0x0000000716e00000|  0%| F|  |TAMS 0x0000000716c00000| PB 0x0000000716c00000| Untracked 
| 101|0x0000000716e00000, 0x0000000716e00000, 0x0000000717000000|  0%| F|  |TAMS 0x0000000716e00000| PB 0x0000000716e00000| Untracked 
| 102|0x0000000717000000, 0x0000000717000000, 0x0000000717200000|  0%| F|  |TAMS 0x0000000717000000| PB 0x0000000717000000| Untracked 
| 103|0x0000000717200000, 0x0000000717200000, 0x0000000717400000|  0%| F|  |TAMS 0x0000000717200000| PB 0x0000000717200000| Untracked 
| 104|0x0000000717400000, 0x0000000717400000, 0x0000000717600000|  0%| F|  |TAMS 0x0000000717400000| PB 0x0000000717400000| Untracked 
| 105|0x0000000717600000, 0x0000000717600000, 0x0000000717800000|  0%| F|  |TAMS 0x0000000717600000| PB 0x0000000717600000| Untracked 
| 106|0x0000000717800000, 0x0000000717800000, 0x0000000717a00000|  0%| F|  |TAMS 0x0000000717800000| PB 0x0000000717800000| Untracked 
| 107|0x0000000717a00000, 0x0000000717a00000, 0x0000000717c00000|  0%| F|  |TAMS 0x0000000717a00000| PB 0x0000000717a00000| Untracked 
| 108|0x0000000717c00000, 0x0000000717c00000, 0x0000000717e00000|  0%| F|  |TAMS 0x0000000717c00000| PB 0x0000000717c00000| Untracked 
| 109|0x0000000717e00000, 0x0000000717e00000, 0x0000000718000000|  0%| F|  |TAMS 0x0000000717e00000| PB 0x0000000717e00000| Untracked 
| 110|0x0000000718000000, 0x0000000718200000, 0x0000000718200000|100%| S|CS|TAMS 0x0000000718000000| PB 0x0000000718000000| Complete 
| 111|0x0000000718200000, 0x0000000718400000, 0x0000000718400000|100%| S|CS|TAMS 0x0000000718200000| PB 0x0000000718200000| Complete 
| 112|0x0000000718400000, 0x0000000718400000, 0x0000000718600000|  0%| F|  |TAMS 0x0000000718400000| PB 0x0000000718400000| Untracked 
| 113|0x0000000718600000, 0x0000000718600000, 0x0000000718800000|  0%| F|  |TAMS 0x0000000718600000| PB 0x0000000718600000| Untracked 
| 114|0x0000000718800000, 0x0000000718800000, 0x0000000718a00000|  0%| F|  |TAMS 0x0000000718800000| PB 0x0000000718800000| Untracked 
| 115|0x0000000718a00000, 0x0000000718b516a0, 0x0000000718c00000| 65%| E|  |TAMS 0x0000000718a00000| PB 0x0000000718a00000| Complete 
| 116|0x0000000718c00000, 0x0000000718e00000, 0x0000000718e00000|100%| E|CS|TAMS 0x0000000718c00000| PB 0x0000000718c00000| Complete 
| 117|0x0000000718e00000, 0x0000000719000000, 0x0000000719000000|100%| E|CS|TAMS 0x0000000718e00000| PB 0x0000000718e00000| Complete 
| 118|0x0000000719000000, 0x0000000719200000, 0x0000000719200000|100%| E|  |TAMS 0x0000000719000000| PB 0x0000000719000000| Complete 
| 119|0x0000000719200000, 0x0000000719400000, 0x0000000719400000|100%| E|CS|TAMS 0x0000000719200000| PB 0x0000000719200000| Complete 
| 120|0x0000000719400000, 0x0000000719600000, 0x0000000719600000|100%| E|CS|TAMS 0x0000000719400000| PB 0x0000000719400000| Complete 
| 121|0x0000000719600000, 0x0000000719800000, 0x0000000719800000|100%| E|CS|TAMS 0x0000000719600000| PB 0x0000000719600000| Complete 
| 122|0x0000000719800000, 0x0000000719a00000, 0x0000000719a00000|100%| E|CS|TAMS 0x0000000719800000| PB 0x0000000719800000| Complete 

Card table byte_map: [0x0000021068390000,0x0000021068b40000] _byte_map_base: 0x0000021064b3e000

Marking Bits: (CMBitMap*) 0x000002104fcb7f50
 Bits: [0x0000021068b40000, 0x000002106c8b0000)

Polling page: 0x000002104d8b0000

Metaspace:

Usage:
  Non-class:      6.38 MB used.
      Class:    949.83 KB used.
       Both:      7.31 MB used.

Virtual space:
  Non-class space:       64.00 MB reserved,       6.50 MB ( 10%) committed,  1 nodes.
      Class space:        1.00 GB reserved,       1.00 MB ( <1%) committed,  1 nodes.
             Both:        1.06 GB reserved,       7.50 MB ( <1%) committed. 

Chunk freelists:
   Non-Class:  8.53 MB
       Class:  14.80 MB
        Both:  23.33 MB

MaxMetaspaceSize: unlimited
CompressedClassSpaceSize: 1.00 GB
Initial GC threshold: 21.00 MB
Current GC threshold: 21.00 MB
CDS: on
 - commit_granule_bytes: 65536.
 - commit_granule_words: 8192.
 - virtual_space_node_default_size: 8388608.
 - enlarge_chunks_in_place: 1.
 - use_allocation_guard: 0.


Internal statistics:

num_allocs_failed_limit: 0.
num_arena_births: 160.
num_arena_deaths: 0.
num_vsnodes_births: 2.
num_vsnodes_deaths: 0.
num_space_committed: 120.
num_space_uncommitted: 0.
num_chunks_returned_to_freelist: 0.
num_chunks_taken_from_freelist: 431.
num_chunk_merges: 0.
num_chunk_splits: 240.
num_chunks_enlarged: 137.
num_inconsistent_stats: 0.

CodeHeap 'non-profiled nmethods': size=119168Kb used=591Kb max_used=591Kb free=118576Kb
 bounds [0x000002105ff00000, 0x0000021060170000, 0x0000021067360000]
CodeHeap 'profiled nmethods': size=119104Kb used=3067Kb max_used=3067Kb free=116036Kb
 bounds [0x0000021058360000, 0x0000021058660000, 0x000002105f7b0000]
CodeHeap 'non-nmethods': size=7488Kb used=2440Kb max_used=2458Kb free=5048Kb
 bounds [0x000002105f7b0000, 0x000002105fa20000, 0x000002105ff00000]
CodeCache: size=245760Kb, used=6098Kb, max_used=6116Kb, free=239660Kb
 total_blobs=2121, nmethods=1645, adapters=378, full_count=0
Compilation: enabled, stopped_count=0, restarted_count=0

Compilation events (20 events):
Event: 2.249 Thread 0x000002106f883750 1638       1       java.time.temporal.ValueRange::getMaximum (5 bytes)
Event: 2.249 Thread 0x000002106f8822e0 nmethod 1636 0x000002105ff8ee90 code [0x000002105ff8f020, 0x000002105ff8f0f0]
Event: 2.249 Thread 0x000002106f880e70 nmethod 1637 0x000002105ff8f190 code [0x000002105ff8f320, 0x000002105ff8f3e8]
Event: 2.249 Thread 0x000002106f883750 nmethod 1638 0x000002105ff8f490 code [0x000002105ff8f620, 0x000002105ff8f6e8]
Event: 2.255 Thread 0x000002106f876a20 nmethod 1626 0x000002105ff8f790 code [0x000002105ff8f9e0, 0x000002105ff907f8]
Event: 2.261 Thread 0x000002106f880e70 1639       1       java.util.zip.ZipEntry::getName (5 bytes)
Event: 2.262 Thread 0x000002106f880e70 nmethod 1639 0x000002105ff90f10 code [0x000002105ff910a0, 0x000002105ff91170]
Event: 2.271 Thread 0x000002106f880e70 1640       3       java.util.ArrayList$Itr::next (66 bytes)
Event: 2.271 Thread 0x000002106f880e70 nmethod 1640 0x000002105865d290 code [0x000002105865d480, 0x000002105865d8a8]
Event: 2.272 Thread 0x000002106f881c10 nmethod 1625 0x000002105ff91210 code [0x000002105ff914c0, 0x000002105ff92720]
Event: 2.284 Thread 0x000002106f8822e0 1641       3       java.util.zip.CRC32::<init> (5 bytes)
Event: 2.284 Thread 0x000002106f880e70 1642       3       java.util.zip.CRC32::getValue (10 bytes)
Event: 2.284 Thread 0x000002106f8822e0 nmethod 1641 0x000002105865da90 code [0x000002105865dc40, 0x000002105865dda8]
Event: 2.284 Thread 0x000002106f880e70 nmethod 1642 0x000002105865de90 code [0x000002105865e020, 0x000002105865e140]
Event: 2.290 Thread 0x000002106f880e70 1643       3       jdk.internal.loader.URLClassPath$JarLoader$2::getBytes (48 bytes)
Event: 2.290 Thread 0x000002106f880e70 nmethod 1643 0x000002105865e210 code [0x000002105865e420, 0x000002105865eb68]
Event: 2.298 Thread 0x000002106f881c10 1644       4       sun.net.util.IPAddressUtil::checkHostString (64 bytes)
Event: 2.301 Thread 0x000002106f881c10 nmethod 1644 0x000002105ff93190 code [0x000002105ff93320, 0x000002105ff93450]
Event: 2.322 Thread 0x000002106f881c10 1645       4       sun.net.www.ParseUtil::firstEncodeIndex (86 bytes)
Event: 2.326 Thread 0x000002106f881c10 nmethod 1645 0x000002105ff93690 code [0x000002105ff93840, 0x000002105ff93a78]

GC Heap History (2 events):
Event: 1.408 GC heap before
{Heap before GC invocations=0 (full 0):
 garbage-first heap   total 251904K, used 20480K [0x000000070a400000, 0x0000000800000000)
  region size 2048K, 11 young (22528K), 0 survivors (0K)
 Metaspace       used 3961K, committed 4096K, reserved 1114112K
  class space    used 440K, committed 512K, reserved 1048576K
}
Event: 1.415 GC heap after
{Heap after GC invocations=1 (full 0):
 garbage-first heap   total 251904K, used 7795K [0x000000070a400000, 0x0000000800000000)
  region size 2048K, 2 young (4096K), 2 survivors (4096K)
 Metaspace       used 3961K, committed 4096K, reserved 1114112K
  class space    used 440K, committed 512K, reserved 1048576K
}

Dll operation events (8 events):
Event: 0.019 Loaded shared library D:\.jdks\temurin-21.0.10\bin\java.dll
Event: 0.089 Loaded shared library D:\.jdks\temurin-21.0.10\bin\jsvml.dll
Event: 0.142 Loaded shared library D:\.jdks\temurin-21.0.10\bin\net.dll
Event: 0.148 Loaded shared library D:\.jdks\temurin-21.0.10\bin\nio.dll
Event: 0.158 Loaded shared library D:\.jdks\temurin-21.0.10\bin\zip.dll
Event: 0.294 Loaded shared library D:\.jdks\temurin-21.0.10\bin\management.dll
Event: 0.317 Loaded shared library D:\.jdks\temurin-21.0.10\bin\management_ext.dll
Event: 0.397 Loaded shared library D:\.jdks\temurin-21.0.10\bin\jimage.dll

Deoptimization events (20 events):
Event: 2.075 Thread 0x000002104d907570 DEOPT PACKING pc=0x000002105ff48338 sp=0x000000fff1cfb6f0
Event: 2.075 Thread 0x000002104d907570 DEOPT UNPACKING pc=0x000002105f804422 sp=0x000000fff1cfb678 mode 2
Event: 2.126 Thread 0x000002104d907570 DEOPT PACKING pc=0x0000021058639c45 sp=0x000000fff1cfbd90
Event: 2.126 Thread 0x000002104d907570 DEOPT UNPACKING pc=0x000002105f804bc2 sp=0x000000fff1cfb298 mode 0
Event: 2.139 Thread 0x000002104d907570 Uncommon trap: trap_request=0xffffff45 fr.pc=0x000002105ff646c4 relative=0x0000000000000c84
Event: 2.139 Thread 0x000002104d907570 Uncommon trap: reason=unstable_if action=reinterpret pc=0x000002105ff646c4 method=java.util.jar.JarFile.getVersionedEntry(Ljava/lang/String;Ljava/util/jar/JarEntry;)Ljava/util/jar/JarEntry; @ 26 c2
Event: 2.139 Thread 0x000002104d907570 DEOPT PACKING pc=0x000002105ff646c4 sp=0x000000fff1cfc650
Event: 2.139 Thread 0x000002104d907570 DEOPT UNPACKING pc=0x000002105f804422 sp=0x000000fff1cfc610 mode 2
Event: 2.213 Thread 0x000002104d907570 DEOPT PACKING pc=0x0000021058639c45 sp=0x000000fff1cfa440
Event: 2.213 Thread 0x000002104d907570 DEOPT UNPACKING pc=0x000002105f804bc2 sp=0x000000fff1cf9948 mode 0
Event: 2.252 Thread 0x000002104d907570 Uncommon trap: trap_request=0xffffff45 fr.pc=0x000002105ff62d8c relative=0x000000000000006c
Event: 2.252 Thread 0x000002104d907570 Uncommon trap: reason=unstable_if action=reinterpret pc=0x000002105ff62d8c method=java.util.Objects.equals(Ljava/lang/Object;Ljava/lang/Object;)Z @ 6 c2
Event: 2.252 Thread 0x000002104d907570 DEOPT PACKING pc=0x000002105ff62d8c sp=0x000000fff1cfc7c0
Event: 2.252 Thread 0x000002104d907570 DEOPT UNPACKING pc=0x000002105f804422 sp=0x000000fff1cfc760 mode 2
Event: 2.289 Thread 0x000002104d907570 DEOPT PACKING pc=0x0000021058639c45 sp=0x000000fff1cfc660
Event: 2.289 Thread 0x000002104d907570 DEOPT UNPACKING pc=0x000002105f804bc2 sp=0x000000fff1cfbb68 mode 0
Event: 2.310 Thread 0x000002104d907570 DEOPT PACKING pc=0x000002105863af82 sp=0x000000fff1cf91d0
Event: 2.310 Thread 0x000002104d907570 DEOPT UNPACKING pc=0x000002105f804bc2 sp=0x000000fff1cf8658 mode 0
Event: 2.322 Thread 0x000002104d907570 DEOPT PACKING pc=0x0000021058639c45 sp=0x000000fff1cf8ef0
Event: 2.322 Thread 0x000002104d907570 DEOPT UNPACKING pc=0x000002105f804bc2 sp=0x000000fff1cf83f8 mode 0

Classes loaded (20 events):
Event: 2.064 Loading class java/util/concurrent/LinkedBlockingQueue
Event: 2.064 Loading class java/util/concurrent/LinkedBlockingQueue done
Event: 2.064 Loading class java/util/concurrent/LinkedBlockingQueue$Node
Event: 2.064 Loading class java/util/concurrent/LinkedBlockingQueue$Node done
Event: 2.070 Loading class java/lang/InheritableThreadLocal
Event: 2.070 Loading class java/lang/InheritableThreadLocal done
Event: 2.230 Loading class sun/util/calendar/ZoneInfoFile$Checksum
Event: 2.231 Loading class sun/util/calendar/ZoneInfoFile$Checksum done
Event: 2.233 Loading class java/time/zone/ZoneRulesProvider
Event: 2.233 Loading class java/time/zone/ZoneRulesProvider done
Event: 2.233 Loading class java/time/zone/ZoneRulesProvider$1
Event: 2.234 Loading class java/time/zone/ZoneRulesProvider$1 done
Event: 2.234 Loading class java/time/zone/TzdbZoneRulesProvider
Event: 2.234 Loading class java/time/zone/TzdbZoneRulesProvider done
Event: 2.241 Loading class java/time/zone/Ser
Event: 2.243 Loading class java/time/zone/Ser done
Event: 2.244 Loading class java/time/zone/ZoneOffsetTransition
Event: 2.245 Loading class java/time/zone/ZoneOffsetTransition done
Event: 2.263 Loading class java/lang/NumberFormatException
Event: 2.264 Loading class java/lang/NumberFormatException done

Classes unloaded (0 events):
No events

Classes redefined (0 events):
No events

Internal exceptions (20 events):
Event: 1.522 Thread 0x000002104d907570 Exception <a 'java/lang/NoSuchMethodError'{0x000000071966ab88}: 'void java.lang.invoke.DirectMethodHandle$Holder.invokeInterface(java.lang.Object, java.lang.Object, java.lang.Object)'> (0x000000071966ab88) 
thrown [s\src\hotspot\share\interpreter\linkResolver.cpp, line 773]
Event: 1.541 Thread 0x000002104d907570 Exception <a 'java/lang/NoSuchMethodError'{0x00000007196f8cd0}: 'java.lang.Object java.lang.invoke.DirectMethodHandle$Holder.newInvokeSpecial(java.lang.Object, java.lang.Object, java.lang.Object, java.lang.Object, java.lang.Object, java.lang.Object)'> (0x00000007196f8cd0) 
thrown [s\src\hotspot\share\interpreter\linkResolver.cpp, line 773]
Event: 1.554 Thread 0x000002104d907570 Exception <a 'java/lang/NoSuchMethodError'{0x0000000719776630}: 'void java.lang.invoke.DirectMethodHandle$Holder.invokeInterface(java.lang.Object, java.lang.Object, java.lang.Object, java.lang.Object, java.lang.Object)'> (0x0000000719776630) 
thrown [s\src\hotspot\share\interpreter\linkResolver.cpp, line 773]
Event: 1.555 Thread 0x000002104d907570 Exception <a 'java/lang/IncompatibleClassChangeError'{0x000000071977a2f0}: Found class java.lang.Object, but interface was expected> (0x000000071977a2f0) 
thrown [s\src\hotspot\share\interpreter\linkResolver.cpp, line 840]
Event: 1.568 Thread 0x000002104d907570 Exception <a 'java/lang/IncompatibleClassChangeError'{0x00000007197b5118}: Found class java.lang.Object, but interface was expected> (0x00000007197b5118) 
thrown [s\src\hotspot\share\interpreter\linkResolver.cpp, line 840]
Event: 1.576 Thread 0x000002104d907570 Exception <a 'java/lang/NoSuchMethodError'{0x00000007197d8480}: 'java.lang.Object java.lang.invoke.DirectMethodHandle$Holder.invokeStatic(java.lang.Object, java.lang.Object, int)'> (0x00000007197d8480) 
thrown [s\src\hotspot\share\interpreter\linkResolver.cpp, line 773]
Event: 1.589 Thread 0x000002104d907570 Exception <a 'java/lang/NoSuchMethodError'{0x00000007194217f0}: 'void java.lang.invoke.DirectMethodHandle$Holder.invokeSpecial(java.lang.Object, java.lang.Object, java.lang.Object, java.lang.Object, java.lang.Object)'> (0x00000007194217f0) 
thrown [s\src\hotspot\share\interpreter\linkResolver.cpp, line 773]
Event: 1.612 Thread 0x000002104d907570 Exception <a 'java/lang/NoSuchMethodError'{0x0000000719487dd0}: 'long java.lang.invoke.DirectMethodHandle$Holder.invokeSpecial(java.lang.Object, java.lang.Object)'> (0x0000000719487dd0) 
thrown [s\src\hotspot\share\interpreter\linkResolver.cpp, line 773]
Event: 1.613 Thread 0x000002104d907570 Exception <a 'java/lang/NoSuchMethodError'{0x000000071948b208}: 'long java.lang.invoke.Invokers$Holder.invokeExact_MT(java.lang.Object, java.lang.Object)'> (0x000000071948b208) 
thrown [s\src\hotspot\share\interpreter\linkResolver.cpp, line 773]
Event: 1.686 Thread 0x000002104d907570 Exception <a 'java/lang/NoSuchMethodError'{0x00000007195b2a40}: 'void java.lang.invoke.DirectMethodHandle$Holder.invokeInterface(java.lang.Object, java.lang.Object, java.lang.Object, java.lang.Object)'> (0x00000007195b2a40) 
thrown [s\src\hotspot\share\interpreter\linkResolver.cpp, line 773]
Event: 1.686 Thread 0x000002104d907570 Exception <a 'java/lang/IncompatibleClassChangeError'{0x00000007195b6358}: Found class java.lang.Object, but interface was expected> (0x00000007195b6358) 
thrown [s\src\hotspot\share\interpreter\linkResolver.cpp, line 840]
Event: 1.694 Thread 0x000002104d907570 Exception <a 'java/lang/NoSuchMethodError'{0x00000007195d92f8}: 'void java.lang.invoke.DirectMethodHandle$Holder.invokeStatic(java.lang.Object, java.lang.Object, java.lang.Object, java.lang.Object)'> (0x00000007195d92f8) 
thrown [s\src\hotspot\share\interpreter\linkResolver.cpp, line 773]
Event: 1.726 Thread 0x000002104d907570 Exception <a 'java/lang/NoSuchMethodError'{0x000000071926bc18}: 'java.lang.Object java.lang.invoke.Invokers$Holder.invokeExact_MT(java.lang.Object, java.lang.Object, java.lang.Object, java.lang.Object, java.lang.Object, java.lang.Object)'> (0x000000071926bc18) 
thrown [s\src\hotspot\share\interpreter\linkResolver.cpp, line 773]
Event: 1.730 Thread 0x000002104d907570 Exception <a 'java/lang/NoSuchMethodError'{0x0000000719279840}: 'int java.lang.invoke.DirectMethodHandle$Holder.invokeStatic(java.lang.Object, java.lang.Object, java.lang.Object, java.lang.Object, java.lang.Object)'> (0x0000000719279840) 
thrown [s\src\hotspot\share\interpreter\linkResolver.cpp, line 773]
Event: 1.810 Thread 0x000002104d907570 Exception <a 'java/lang/NoSuchMethodError'{0x00000007193be2d8}: 'void java.lang.invoke.DirectMethodHandle$Holder.invokeStaticInit(java.lang.Object, java.lang.Object, java.lang.Object, java.lang.Object)'> (0x00000007193be2d8) 
thrown [s\src\hotspot\share\interpreter\linkResolver.cpp, line 773]
Event: 1.887 Thread 0x000002104d907570 Exception <a 'java/lang/NoSuchMethodError'{0x00000007190e91b0}: 'int java.lang.invoke.DirectMethodHandle$Holder.invokeStaticInit(java.lang.Object, java.lang.Object)'> (0x00000007190e91b0) 
thrown [s\src\hotspot\share\interpreter\linkResolver.cpp, line 773]
Event: 1.902 Thread 0x000002104d907570 Exception <a 'java/lang/NoClassDefFoundError'{0x0000000719139f80}: com/helmsail/lightborrow/framework/ratelimit/RateLimiter> (0x0000000719139f80) 
thrown [s\src\hotspot\share\classfile\systemDictionary.cpp, line 301]
Event: 1.904 Thread 0x000002104d907570 Exception <a 'java/lang/NoSuchMethodError'{0x0000000719141c08}: 'java.lang.Object java.lang.invoke.DirectMethodHandle$Holder.newInvokeSpecial(java.lang.Object, java.lang.Object, int)'> (0x0000000719141c08) 
thrown [s\src\hotspot\share\interpreter\linkResolver.cpp, line 773]
Event: 2.178 Thread 0x000002104d907570 Exception <a 'java/lang/NoSuchMethodError'{0x0000000718d2e0d0}: 'java.lang.Object java.lang.invoke.DirectMethodHandle$Holder.invokeSpecial(java.lang.Object, java.lang.Object, java.lang.Object, long, java.lang.Object)'> (0x0000000718d2e0d0) 
thrown [s\src\hotspot\share\interpreter\linkResolver.cpp, line 773]
Event: 2.178 Thread 0x000002104d907570 Exception <a 'java/lang/NoSuchMethodError'{0x0000000718d31fa0}: 'java.lang.Object java.lang.invoke.Invokers$Holder.linkToTargetMethod(java.lang.Object, long, java.lang.Object, java.lang.Object)'> (0x0000000718d31fa0) 
thrown [s\src\hotspot\share\interpreter\linkResolver.cpp, line 773]

ZGC Phase Switch (0 events):
No events

VM Operations (20 events):
Event: 1.380 Executing non-safepoint VM operation: HandshakeAllThreads (Deoptimize)
Event: 1.381 Executing non-safepoint VM operation: HandshakeAllThreads (Deoptimize) done
Event: 1.408 Executing safepoint VM operation: G1CollectForAllocation (G1 Evacuation Pause)
Event: 1.416 Executing safepoint VM operation: G1CollectForAllocation (G1 Evacuation Pause) done
Event: 1.601 Executing non-safepoint VM operation: HandshakeAllThreads (Deoptimize)
Event: 1.601 Executing non-safepoint VM operation: HandshakeAllThreads (Deoptimize) done
Event: 1.611 Executing non-safepoint VM operation: HandshakeAllThreads (Deoptimize)
Event: 1.611 Executing non-safepoint VM operation: HandshakeAllThreads (Deoptimize) done
Event: 1.757 Executing non-safepoint VM operation: HandshakeAllThreads (Deoptimize)
Event: 1.757 Executing non-safepoint VM operation: HandshakeAllThreads (Deoptimize) done
Event: 1.927 Executing non-safepoint VM operation: HandshakeAllThreads (Deoptimize)
Event: 1.927 Executing non-safepoint VM operation: HandshakeAllThreads (Deoptimize) done
Event: 1.937 Executing non-safepoint VM operation: HandshakeAllThreads (Deoptimize)
Event: 1.937 Executing non-safepoint VM operation: HandshakeAllThreads (Deoptimize) done
Event: 2.074 Executing non-safepoint VM operation: HandshakeAllThreads (Deoptimize)
Event: 2.074 Executing non-safepoint VM operation: HandshakeAllThreads (Deoptimize) done
Event: 2.219 Executing safepoint VM operation: ICBufferFull
Event: 2.220 Executing safepoint VM operation: ICBufferFull done
Event: 2.232 Executing non-safepoint VM operation: HandshakeAllThreads (Deoptimize)
Event: 2.232 Executing non-safepoint VM operation: HandshakeAllThreads (Deoptimize) done

Memory protections (0 events):
No events

Nmethod flushes (0 events):
No events

Events (19 events):
Event: 0.046 Thread 0x000002104d907570 Thread added: 0x000002104d907570
Event: 0.086 Thread 0x000002104d907570 Thread added: 0x000002106f854570
Event: 0.086 Thread 0x000002104d907570 Thread added: 0x000002106f857d00
Event: 0.086 Thread 0x000002104d907570 Thread added: 0x000002106f8596e0
Event: 0.086 Thread 0x000002104d907570 Thread added: 0x000002106f85a270
Event: 0.086 Thread 0x000002104d907570 Thread added: 0x000002106f85d400
Event: 0.087 Thread 0x000002104d907570 Thread added: 0x000002106f861ea0
Event: 0.087 Thread 0x000002104d907570 Thread added: 0x000002106f876a20
Event: 0.087 Thread 0x000002104d907570 Thread added: 0x000002106f883750
Event: 0.125 Thread 0x000002104d907570 Thread added: 0x000002106f85fdd0
Event: 0.127 Thread 0x000002104d907570 Thread added: 0x000002106f860af0
Event: 0.176 Thread 0x000002106f883750 Thread added: 0x000002106f880e70
Event: 0.176 Thread 0x000002106f876a20 Thread added: 0x000002106f8822e0
Event: 0.790 Thread 0x000002104d907570 Thread added: 0x000002106f85ea20
Event: 0.826 Thread 0x000002104d907570 Thread added: 0x000002106f85f0b0
Event: 1.025 Thread 0x000002106f876a20 Thread added: 0x000002106f881540
Event: 1.025 Thread 0x000002106f876a20 Thread added: 0x000002106f8800d0
Event: 1.614 Thread 0x000002106f8800d0 Thread exited: 0x000002106f8800d0
Event: 2.237 Thread 0x000002106f876a20 Thread added: 0x000002106f881c10


Dynamic libraries:
0x00007ff7aa170000 - 0x00007ff7aa17e000 	D:\.jdks\temurin-21.0.10\bin\java.exe
0x00007ffb3cd80000 - 0x00007ffb3cfe6000 	C:\Windows\SYSTEM32\ntdll.dll
0x00007ffb3b960000 - 0x00007ffb3ba29000 	C:\Windows\System32\KERNEL32.DLL
0x00007ffb3a2c0000 - 0x00007ffb3a6ba000 	C:\Windows\System32\KERNELBASE.dll
0x00007ffb3a770000 - 0x00007ffb3a8bc000 	C:\Windows\System32\ucrtbase.dll
0x00007ffb206a0000 - 0x00007ffb206b8000 	D:\.jdks\temurin-21.0.10\bin\jli.dll
0x00007ffb205f0000 - 0x00007ffb2060e000 	D:\.jdks\temurin-21.0.10\bin\VCRUNTIME140.dll
0x00007ffb3b690000 - 0x00007ffb3b857000 	C:\Windows\System32\USER32.dll
0x00007ffb3aa10000 - 0x00007ffb3aa37000 	C:\Windows\System32\win32u.dll
0x00007ffb25850000 - 0x00007ffb25ae2000 	C:\Windows\WinSxS\amd64_microsoft.windows.common-controls_6595b64144ccf1df_6.0.26100.8521_none_3e08b75ce33403b3\COMCTL32.dll
0x00007ffb3c680000 - 0x00007ffb3c6ab000 	C:\Windows\System32\GDI32.dll
0x00007ffb3cc90000 - 0x00007ffb3cd39000 	C:\Windows\System32\msvcrt.dll
0x00007ffb3a190000 - 0x00007ffb3a2bb000 	C:\Windows\System32\gdi32full.dll
0x00007ffb3a6c0000 - 0x00007ffb3a763000 	C:\Windows\System32\msvcp_win.dll
0x00007ffb3aaf0000 - 0x00007ffb3ab22000 	C:\Windows\System32\IMM32.DLL
0x00007ffb28860000 - 0x00007ffb2886c000 	D:\.jdks\temurin-21.0.10\bin\vcruntime140_1.dll
0x00007ffafd9a0000 - 0x00007ffafda2d000 	D:\.jdks\temurin-21.0.10\bin\msvcp140.dll
0x00007ffa7cad0000 - 0x00007ffa7d871000 	D:\.jdks\temurin-21.0.10\bin\server\jvm.dll
0x00007ffb3b510000 - 0x00007ffb3b5c6000 	C:\Windows\System32\ADVAPI32.dll
0x00007ffb3c4c0000 - 0x00007ffb3c56a000 	C:\Windows\System32\sechost.dll
0x00007ffb3cb50000 - 0x00007ffb3cc68000 	C:\Windows\System32\RPCRT4.dll
0x00007ffb3cac0000 - 0x00007ffb3cb40000 	C:\Windows\System32\WS2_32.dll
0x00007ffb323b0000 - 0x00007ffb323bb000 	C:\Windows\SYSTEM32\VERSION.dll
0x00007ffb37830000 - 0x00007ffb37866000 	C:\Windows\SYSTEM32\WINMM.dll
0x00007ffb39e70000 - 0x00007ffb39ece000 	C:\Windows\SYSTEM32\POWRPROF.dll
0x00007ffb39e50000 - 0x00007ffb39e64000 	C:\Windows\SYSTEM32\UMPDC.dll
0x00007ffb38da0000 - 0x00007ffb38dbb000 	C:\Windows\SYSTEM32\kernel.appcore.dll
0x00007ffb225b0000 - 0x00007ffb225ba000 	D:\.jdks\temurin-21.0.10\bin\jimage.dll
0x00007ffb375e0000 - 0x00007ffb37822000 	C:\Windows\SYSTEM32\DBGHELP.DLL
0x00007ffb3b180000 - 0x00007ffb3b503000 	C:\Windows\System32\combase.dll
0x00007ffb3b050000 - 0x00007ffb3b129000 	C:\Windows\System32\OLEAUT32.dll
0x00007ffb375a0000 - 0x00007ffb375db000 	C:\Windows\SYSTEM32\dbgcore.DLL
0x00007ffb3aa40000 - 0x00007ffb3aae8000 	C:\Windows\System32\bcryptPrimitives.dll
0x00007ffb1d270000 - 0x00007ffb1d290000 	D:\.jdks\temurin-21.0.10\bin\java.dll
0x00007ffb3bc50000 - 0x00007ffb3c3d4000 	C:\Windows\System32\SHELL32.dll
0x00007ffb37ba0000 - 0x00007ffb38420000 	C:\Windows\SYSTEM32\windows.storage.dll
0x00007ffb3c570000 - 0x00007ffb3c666000 	C:\Windows\System32\SHCORE.dll
0x00007ffb3b5f0000 - 0x00007ffb3b657000 	C:\Windows\System32\shlwapi.dll
0x00007ffb39f30000 - 0x00007ffb39f59000 	C:\Windows\SYSTEM32\profapi.dll
0x00007ffaf8090000 - 0x00007ffaf8167000 	D:\.jdks\temurin-21.0.10\bin\jsvml.dll
0x00007ffb21c70000 - 0x00007ffb21c80000 	D:\.jdks\temurin-21.0.10\bin\net.dll
0x00007ffb31c90000 - 0x00007ffb31db9000 	C:\Windows\SYSTEM32\WINHTTP.dll
0x00007ffb39310000 - 0x00007ffb3937c000 	C:\Windows\system32\mswsock.dll
0x00007ffb1d250000 - 0x00007ffb1d266000 	D:\.jdks\temurin-21.0.10\bin\nio.dll
0x00007ffb1d200000 - 0x00007ffb1d218000 	D:\.jdks\temurin-21.0.10\bin\zip.dll
0x00007ffb205e0000 - 0x00007ffb205ea000 	D:\.jdks\temurin-21.0.10\bin\management.dll
0x00007ffb1d240000 - 0x00007ffb1d24c000 	D:\.jdks\temurin-21.0.10\bin\management_ext.dll
0x00007ffb3b5e0000 - 0x00007ffb3b5e8000 	C:\Windows\System32\PSAPI.DLL

JVMTI agents: none

dbghelp: loaded successfully - version: 4.0.5 - missing functions: none
symbol engine: initialized successfully - sym options: 0x614 - pdb path: .;D:\.jdks\temurin-21.0.10\bin;C:\Windows\SYSTEM32;C:\Windows\WinSxS\amd64_microsoft.windows.common-controls_6595b64144ccf1df_6.0.26100.8521_none_3e08b75ce33403b3;D:\.jdks\temurin-21.0.10\bin\server

VM Arguments:
java_command: C:\Users\hejunye\AppData\Local\Temp\surefire5060898303117495612\surefirebooter-20260626191526925_48.jar C:\Users\hejunye\AppData\Local\Temp\surefire5060898303117495612 2026-06-26T19-13-32_382-jvmRun1 surefire-20260626191526925_46tmp surefire_6-20260626191526925_47tmp
java_class_path (initial): C:\Users\hejunye\AppData\Local\Temp\surefire5060898303117495612\surefirebooter-20260626191526925_48.jar
Launcher Type: SUN_STANDARD

[Global flags]
     intx CICompilerCount                          = 12                                        {product} {ergonomic}
     uint ConcGCThreads                            = 3                                         {product} {ergonomic}
     uint G1ConcRefinementThreads                  = 13                                        {product} {ergonomic}
   size_t G1HeapRegionSize                         = 2097152                                   {product} {ergonomic}
    uintx GCDrainStackTargetSize                   = 64                                        {product} {ergonomic}
   size_t InitialHeapSize                          = 257949696                                 {product} {ergonomic}
   size_t MarkStackSize                            = 4194304                                   {product} {ergonomic}
   size_t MaxHeapSize                              = 4123000832                                {product} {ergonomic}
   size_t MaxNewSize                               = 2472542208                                {product} {ergonomic}
   size_t MinHeapDeltaBytes                        = 2097152                                   {product} {ergonomic}
   size_t MinHeapSize                              = 8388608                                   {product} {ergonomic}
    uintx NonNMethodCodeHeapSize                   = 7602480                                {pd product} {ergonomic}
    uintx NonProfiledCodeHeapSize                  = 122027880                              {pd product} {ergonomic}
    uintx ProfiledCodeHeapSize                     = 122027880                              {pd product} {ergonomic}
    uintx ReservedCodeCacheSize                    = 251658240                              {pd product} {ergonomic}
     bool SegmentedCodeCache                       = true                                      {product} {ergonomic}
   size_t SoftMaxHeapSize                          = 4123000832                             {manageable} {ergonomic}
     bool UseCompressedOops                        = true                           {product lp64_product} {ergonomic}
     bool UseG1GC                                  = true                                      {product} {ergonomic}
     bool UseLargePagesIndividualAllocation        = false                                  {pd product} {ergonomic}

Logging:
Log output configuration:
 #0: stdout all=warning uptime,level,tags foldmultilines=false
 #1: stderr all=off uptime,level,tags foldmultilines=false

Release file:
IMPLEMENTOR="Eclipse Adoptium" 
IMPLEMENTOR_VERSION="Temurin-21.0.10+7" 
JAVA_RUNTIME_VERSION="21.0.10+7-LTS" 
JAVA_VERSION="21.0.10" 
JAVA_VERSION_DATE="2026-01-20" 
LIBC="default" 
MODULES="java.base java.compiler java.datatransfer java.xml java.prefs java.desktop java.instrument java.logging java.management java.security.sasl java.naming java.rmi java.management.rmi java.net.http java.scripting java.security.jgss java.transaction.xa java.sql java.sql.rowset java.xml.crypto java.se java.smartcardio jdk.accessibility jdk.internal.jvmstat jdk.attach jdk.charsets jdk.internal.opt jdk.zipfs jdk.compiler jdk.crypto.ec jdk.crypto.cryptoki jdk.crypto.mscapi jdk.dynalink jdk.internal.ed jdk.editpad jdk.hotspot.agent jdk.httpserver jdk.incubator.vector jdk.internal.le jdk.internal.vm.ci jdk.internal.vm.compiler jdk.internal.vm.compiler.management jdk.jartool jdk.javadoc jdk.jcmd jdk.management jdk.management.agent jdk.jconsole jdk.jdeps jdk.jdwp.agent jdk.jdi jdk.jfr jdk.jlink jdk.jpackage jdk.jshell jdk.jsobject jdk.jstatd jdk.localedata jdk.management.jfr jdk.naming.dns jdk.naming.rmi jdk.net jdk.nio.mapmode jdk.random jdk.sctp jdk.security.auth jdk.security.jgss jdk.unsupported jdk.unsupported.desktop jdk.xml.dom" 
OS_ARCH="x86_64" 
OS_NAME="Windows" 
SOURCE=".:git:a633eafe0fcc" 
BUILD_SOURCE="git:458965074606f027bd5afce2cfd5c1055dea0438"
BUILD_SOURCE_REPO="https://github.com/adoptium/temurin-build.git"
SOURCE_REPO="https://github.com/adoptium/jdk21u.git"
FULL_VERSION="21.0.10+7-LTS"
SEMANTIC_VERSION="21.0.10+7"
BUILD_INFO="OS: Windows Server 2022 Version: 10.0"
JVM_VARIANT="Hotspot"
JVM_VERSION="21.0.10+7-LTS"
IMAGE_TYPE="JDK"

Environment Variables:
JAVA_HOME=D:\.jdks\temurin-21.0.10
PATH=D:\.jdks\temurin-21.0.10\bin;C:\Python314\Scripts\;C:\Python314\;C:\Program Files\Common Files\Oracle\Java\javapath;C:\Windows\system32;C:\Windows;C:\Windows\System32\Wbem;C:\Windows\System32\WindowsPowerShell\v1.0\;C:\Windows\System32\OpenSSH\;C:\Program Files\Bandizip\;C:\Program Files (x86)\Windows Kits\10\Windows Performance Toolkit\;D:\Git\cmd;C:\ProgramData\chocolatey\bin;C:\Program Files\dotnet\;D:\apache-maven\apache-maven-3.9.11-bin\apache-maven-3.9.11\bin;C:\Program Files\Docker\Docker\resources\bin;D:\.jdks\temurin-21.0.10\bin;C:\Python314\Scripts\;C:\Python314\;C:\Program Files\Common Files\Oracle\Java\javapath;C:\Windows\system32;C:\Windows;C:\Windows\System32\Wbem;C:\Windows\System32\WindowsPowerShell\v1.0\;C:\Windows\System32\OpenSSH\;C:\Program Files\Bandizip\;C:\Program Files (x86)\Windows Kits\10\Windows Performance Toolkit\;D:\Git\cmd;C:\ProgramData\chocolatey\bin;C:\Program Files\dotnet\;D:\apache-maven\apache-maven-3.9.11-bin\apache-maven-3.9.11\bin;C:\Program Files\Docker\Docker\resources\bin;D:\.jdks\temurin-21.0.10\bin;C:\Python314\Scripts\;C:\Python314\;C:\Program Files\Common Files\Oracle\Java\javapath;C:\Windows\system32;C:\Windows;C:\Windows\System32\Wbem;C:\Windows\System32\WindowsPowerShell\v1.0\;C:\Windows\System32\OpenSSH\;C:\Program Files\Bandizip\;C:\Program Files (x86)\Windows Kits\10\Windows Performance Toolkit\;D:\Git\cmd;C:\ProgramData\chocolatey\bin;C:\Program Files\dotnet\;D:\apache-maven\apache-maven-3.9.11-bin\apache-maven-3.9.11\bin;C:\Program Files\Docker\Docker\resources\bin;C:\Users\hejunye\AppData\Local\Microsoft\WindowsApps;C:\Users\hejunye\AppData\Local\Programs\Microsoft VS Code\bin;D:\IntelliJ IDEA Community Edition 2024.3.5\bin;C:\Users\hejunye\AppData\Local\GitHubDesktop\bin;C:\ProgramData\mingw64\mingw64\bin;C:\Users\hejunye\.dotnet\tools;D:\昹鰍湮悝\湮ʊ奻\晤祒埻燴\1-3\GnuWin32\bin;D:\PyCharm 2025.2.4\bin;C:\Users\hejunye\AppData\Local\JetBrains\Toolbox\scripts;D:\JetBrains\IntelliJ IDEA Community Edition 2025.2.5\bin;D:\Huawei\DevEco Studio\bin;;D:\.jdks\temurin-21.0.10\bin;;D:\apache-jmeter-5.6.3\bin;D:\apache-jmeter-5.6.3\bin;D:\apache-jmeter-5.6.3\apache-jmeter-5.6.3\bin;D:\QoderCN\bin
USERNAME=hejunye
OS=Windows_NT
PROCESSOR_IDENTIFIER=AMD64 Family 25 Model 80 Stepping 0, AuthenticAMD
TMP=C:\Users\hejunye\AppData\Local\Temp
TEMP=C:\Users\hejunye\AppData\Local\Temp




Periodic native trim disabled

---------------  S Y S T E M  ---------------

OS:
 Windows 11 , 64 bit Build 26100 (10.0.26100.8521)
OS uptime: 0 days 20:57 hours
Hyper-V role detected

CPU: total 16 (initial active 16) (16 cores per cpu, 2 threads per core) family 25 model 80 stepping 0 microcode 0xa50000c, cx8, cmov, fxsr, ht, mmx, 3dnowpref, sse, sse2, sse3, ssse3, sse4a, sse4.1, sse4.2, popcnt, lzcnt, tsc, tscinvbit, avx, avx2, aes, erms, clmul, bmi1, bmi2, adx, sha, fma, vzeroupper, clflush, clflushopt, hv, rdtscp, rdpid, fsrm, f16c, cet_ss
Processor Information for the first 16 processors :
  Max Mhz: 3201, Current Mhz: 3201, Mhz Limit: 3201

Memory: 4k page, system-wide physical 15724M (1746M free)
TotalPageFile size 37948M (AvailPageFile size 1035M)
current process WorkingSet (physical memory assigned to process): 96M, peak: 96M
current process commit charge ("private bytes"): 366M, peak: 366M

vm_info: OpenJDK 64-Bit Server VM (21.0.10+7-LTS) for windows-amd64 JRE (21.0.10+7-LTS), built on 2026-01-20T00:00:00Z by "admin" with MS VC++ 17.12 (VS2022)

END.
